Log file open, 04/13/21 17:29:31
LogInit: Display: Running engine for game: UEPortfolioRPGCave
LogPlatformFile: Not using cached read wrapper
LogTaskGraph: Started task graph with 5 named threads and 23 total threads with 3 sets of task threads.
LogStats: Stats thread started at 1.559787
LogD3D11RHI: Loaded GFSDK_Aftermath_Lib.x64.dll
LogICUInternationalization: ICU TimeZone Detection - Raw Offset: -3:00, Platform Override: ''
LogPluginManager: Mounting plugin Paper2D
LogPluginManager: Mounting plugin AISupport
LogPluginManager: Mounting plugin LightPropagationVolume
LogPluginManager: Mounting plugin CameraShakePreviewer
LogPluginManager: Mounting plugin ActorLayerUtilities
LogPluginManager: Mounting plugin AnimationSharing
LogPluginManager: Mounting plugin CLionSourceCodeAccess
LogPluginManager: Mounting plugin CodeLiteSourceCodeAccess
LogPluginManager: Mounting plugin GitSourceControl
LogPluginManager: Mounting plugin KDevelopSourceCodeAccess
LogPluginManager: Mounting plugin NullSourceCodeAccess
LogPluginManager: Mounting plugin PerforceSourceControl
LogPluginManager: Mounting plugin PlasticSourceControl
LogPluginManager: Mounting plugin RiderSourceCodeAccess
LogPluginManager: Mounting plugin SubversionSourceControl
LogPluginManager: Mounting plugin UObjectPlugin
LogPluginManager: Mounting plugin VisualStudioCodeSourceCodeAccess
LogPluginManager: Mounting plugin VisualStudioSourceCodeAccess
LogPluginManager: Mounting plugin XCodeSourceCodeAccess
LogPluginManager: Mounting plugin AssetManagerEditor
LogPluginManager: Mounting plugin CryptoKeys
LogPluginManager: Mounting plugin CurveEditorTools
LogPluginManager: Mounting plugin DataValidation
LogPluginManager: Mounting plugin EditorScriptingUtilities
LogPluginManager: Mounting plugin FacialAnimation
LogPluginManager: Mounting plugin GameplayTagsEditor
LogPluginManager: Mounting plugin GeometryMode
LogPluginManager: Mounting plugin MacGraphicsSwitching
LogPluginManager: Mounting plugin MaterialAnalyzer
LogPluginManager: Mounting plugin MobileLauncherProfileWizard
LogPluginManager: Mounting plugin PluginBrowser
LogPluginManager: Mounting plugin SpeedTreeImporter
LogPluginManager: Mounting plugin DatasmithContent
LogPluginManager: Mounting plugin VariantManagerContent
LogPluginManager: Mounting plugin AlembicImporter
LogPluginManager: Mounting plugin AutomationUtils
LogPluginManager: Mounting plugin BackChannel
LogPluginManager: Mounting plugin ChaosCloth
LogPluginManager: Mounting plugin ChaosClothEditor
LogPluginManager: Mounting plugin ChaosEditor
LogPluginManager: Mounting plugin ChaosNiagara
LogPluginManager: Mounting plugin ChaosSolverPlugin
LogPluginManager: Mounting plugin CharacterAI
LogPluginManager: Mounting plugin GeometryCache
LogPluginManager: Mounting plugin GeometryCollectionPlugin
LogPluginManager: Mounting plugin GeometryProcessing
LogPluginManager: Mounting plugin PlanarCut
LogPluginManager: Mounting plugin PlatformCrypto
LogPluginManager: Mounting plugin ProxyLODPlugin
LogPluginManager: Mounting plugin SkeletalReduction
LogPluginManager: Mounting plugin Niagara
LogPluginManager: Mounting plugin MagicLeap
LogPluginManager: Mounting plugin MagicLeapLightEstimation
LogPluginManager: Mounting plugin MagicLeapMedia
LogPluginManager: Mounting plugin MagicLeapPassableWorld
LogPluginManager: Mounting plugin MLSDK
LogPluginManager: Mounting plugin AndroidMedia
LogPluginManager: Mounting plugin AvfMedia
LogPluginManager: Mounting plugin ImgMedia
LogPluginManager: Mounting plugin MediaCompositing
LogPluginManager: Mounting plugin MediaPlayerEditor
LogPluginManager: Mounting plugin WebMMedia
LogPluginManager: Mounting plugin WmfMedia
LogPluginManager: Mounting plugin MeshPainting
LogPluginManager: Mounting plugin TcpMessaging
LogPluginManager: Mounting plugin UdpMessaging
LogPluginManager: Mounting plugin ActorSequence
LogPluginManager: Mounting plugin LevelSequenceEditor
LogPluginManager: Mounting plugin MatineeToLevelSequence
LogPluginManager: Mounting plugin MovieRenderPipeline
LogPluginManager: Mounting plugin TemplateSequence
LogPluginManager: Mounting plugin NetcodeUnitTest
LogPluginManager: Mounting plugin NUTUnrealEngine4
LogPluginManager: Mounting plugin OnlineSubsystemGooglePlay
LogPluginManager: Mounting plugin OnlineSubsystemIOS
LogPluginManager: Mounting plugin OnlineSubsystem
LogPluginManager: Mounting plugin OnlineSubsystemNull
LogPluginManager: Mounting plugin OnlineSubsystemUtils
LogPluginManager: Mounting plugin LauncherChunkInstaller
LogPluginManager: Mounting plugin AndroidDeviceProfileSelector
LogPluginManager: Mounting plugin AndroidMoviePlayer
LogPluginManager: Mounting plugin AndroidPermission
LogPluginManager: Mounting plugin AppleImageUtils
LogPluginManager: Mounting plugin AppleMoviePlayer
LogPluginManager: Mounting plugin ArchVisCharacter
LogPluginManager: Mounting plugin AssetTags
LogPluginManager: Mounting plugin AudioCapture
LogPluginManager: Mounting plugin CableComponent
LogPluginManager: Mounting plugin CustomMeshComponent
LogPluginManager: Mounting plugin EditableMesh
LogPluginManager: Mounting plugin ExampleDeviceProfileSelector
LogPluginManager: Mounting plugin GoogleCloudMessaging
LogPluginManager: Mounting plugin GooglePAD
LogPluginManager: Mounting plugin IOSDeviceProfileSelector
LogPluginManager: Mounting plugin LinuxDeviceProfileSelector
LogPluginManager: Mounting plugin LocationServicesBPLibrary
LogPluginManager: Mounting plugin MobilePatchingUtils
LogPluginManager: Mounting plugin OculusVR
LogPluginManager: Mounting plugin PhysXVehicles
LogPluginManager: Mounting plugin PostSplashScreen
LogPluginManager: Mounting plugin ProceduralMeshComponent
LogPluginManager: Mounting plugin RuntimePhysXCooking
LogPluginManager: Mounting plugin SignificanceManager
LogPluginManager: Mounting plugin SoundFields
LogPluginManager: Mounting plugin SteamVR
LogPluginManager: Mounting plugin Synthesis
LogPluginManager: Mounting plugin WebMMoviePlayer
LogPluginManager: Mounting plugin WindowsMoviePlayer
LogPluginManager: Mounting plugin ScreenshotTools
LogInit: Using libcurl 7.55.1-DEV
LogInit:  - built for x86_64-pc-win32
LogInit:  - supports SSL with OpenSSL/1.1.1
LogInit:  - supports HTTP deflate (compression) using libz 1.2.8
LogInit:  - other features:
LogInit:      CURL_VERSION_SSL
LogInit:      CURL_VERSION_LIBZ
LogInit:      CURL_VERSION_IPV6
LogInit:      CURL_VERSION_ASYNCHDNS
LogInit:      CURL_VERSION_LARGEFILE
LogInit:      CURL_VERSION_IDN
LogInit:  CurlRequestOptions (configurable via config and command line):
LogInit:  - bVerifyPeer = true  - Libcurl will verify peer certificate
LogInit:  - bUseHttpProxy = false  - Libcurl will NOT use HTTP proxy
LogInit:  - bDontReuseConnections = false  - Libcurl will reuse connections
LogInit:  - MaxHostConnections = 16  - Libcurl will limit the number of connections to a host
LogInit:  - LocalHostAddr = Default
LogInit:  - BufferSize = 65536
LogOnline: OSS: Creating online subsystem instance for: NULL
LogInit: WinSock: version 1.1 (2.2), MaxSocks=32767, MaxUdp=65467
LogOnline: OSS: TryLoadSubsystemAndSetDefault: Loaded subsystem for module [NULL]
LogInit: Build: ++UE4+Release-4.25-CL-13594126
LogInit: Engine Version: 4.25.1-13594126+++UE4+Release-4.25
LogInit: Compatible Engine Version: 4.25.0-13144385+++UE4+Release-4.25
LogInit: Net CL: 13144385
LogInit: OS: Windows 10 (Release 2009) (), CPU: Intel(R) Core(TM) i7-7700 CPU @ 3.60GHz, GPU: NVIDIA GeForce GTX 1080
LogInit: Compiled (64-bit): Jun  2 2020 02:10:36
LogInit: Compiled with Visual C++: 19.24.28315.00
LogInit: Build Configuration: Development
LogInit: Branch Name: ++UE4+Release-4.25
LogInit: Command Line: 
LogInit: Base Directory: C:/Program Files/Epic Games/UE_4.25/Engine/Binaries/Win64/
LogInit: Allocator: TBB
LogInit: Installed Engine Build: 1
LogDevObjectVersion: Number of dev versions registered: 26
LogDevObjectVersion:   Dev-Blueprints (B0D832E4-1F89-4F0D-ACCF-7EB736FD4AA2): 10
LogDevObjectVersion:   Dev-Build (E1C64328-A22C-4D53-A36C-8E866417BD8C): 0
LogDevObjectVersion:   Dev-Core (375EC13C-06E4-48FB-B500-84F0262A717E): 4
LogDevObjectVersion:   Dev-Editor (E4B068ED-F494-42E9-A231-DA0B2E46BB41): 38
LogDevObjectVersion:   Dev-Framework (CFFC743F-43B0-4480-9391-14DF171D2073): 37
LogDevObjectVersion:   Dev-Mobile (B02B49B5-BB20-44E9-A304-32B752E40360): 2
LogDevObjectVersion:   Dev-Networking (A4E4105C-59A1-49B5-A7C5-40C4547EDFEE): 0
LogDevObjectVersion:   Dev-Online (39C831C9-5AE6-47DC-9A44-9C173E1C8E7C): 0
LogDevObjectVersion:   Dev-Physics (78F01B33-EBEA-4F98-B9B4-84EACCB95AA2): 4
LogDevObjectVersion:   Dev-Platform (6631380F-2D4D-43E0-8009-CF276956A95A): 0
LogDevObjectVersion:   Dev-Rendering (12F88B9F-8875-4AFC-A67C-D90C383ABD29): 43
LogDevObjectVersion:   Dev-Sequencer (7B5AE74C-D270-4C10-A958-57980B212A5A): 12
LogDevObjectVersion:   Dev-VR (D7296918-1DD6-4BDD-9DE2-64A83CC13884): 3
LogDevObjectVersion:   Dev-LoadTimes (C2A15278-BFE7-4AFE-6C17-90FF531DF755): 1
LogDevObjectVersion:   Private-Geometry (6EACA3D4-40EC-4CC1-B786-8BED09428FC5): 3
LogDevObjectVersion:   Dev-AnimPhys (29E575DD-E0A3-4627-9D10-D276232CDCEA): 17
LogDevObjectVersion:   Dev-Anim (AF43A65D-7FD3-4947-9873-3E8ED9C1BB05): 7
LogDevObjectVersion:   Dev-ReflectionCapture (6B266CEC-1EC7-4B8F-A30B-E4D90942FC07): 1
LogDevObjectVersion:   Dev-Automation (0DF73D61-A23F-47EA-B727-89E90C41499A): 1
LogDevObjectVersion:   FortniteMain (601D1886-AC64-4F84-AA16-D3DE0DEAC7D6): 31
LogDevObjectVersion:   Dev-Enterprise (9DFFBCD6-494F-0158-E221-12823C92A888): 10
LogDevObjectVersion:   Dev-Niagara (F2AED0AC-9AFE-416F-8664-AA7FFA26D6FC): 1
LogDevObjectVersion:   Dev-Destruction (174F1F0B-B4C6-45A5-B13F-2EE8D0FB917D): 10
LogDevObjectVersion:   Dev-Physics-Ext (35F94A83-E258-406C-A318-09F59610247C): 37
LogDevObjectVersion:   Dev-PhysicsMaterial-Chaos (B68FC16E-8B1B-42E2-B453-215C058844FE): 1
LogDevObjectVersion:   Dev-CineCamera (B2E18506-4273-CFC2-A54E-F4BB758BBA07): 1
LogInit: Presizing for max 25165824 objects, including 0 objects not considered by GC, pre-allocating 0 bytes for permanent pool.
LogConfig: Applying CVar settings from Section [/Script/Engine.StreamingSettings] File [C:/Users/federico.iribarren/Documents/Unreal Projects/UEPortfolioRPGCave/Saved/Config/Windows/Engine.ini]
LogConfig: Setting CVar [[s.MinBulkDataSizeForAsyncLoading:131072]]
LogConfig: Setting CVar [[s.AsyncLoadingThreadEnabled:0]]
LogConfig: Setting CVar [[s.EventDrivenLoaderEnabled:1]]
LogConfig: Setting CVar [[s.WarnIfTimeLimitExceeded:0]]
LogConfig: Setting CVar [[s.TimeLimitExceededMultiplier:1.5]]
LogConfig: Setting CVar [[s.TimeLimitExceededMinTime:0.005]]
LogConfig: Setting CVar [[s.UseBackgroundLevelStreaming:1]]
LogConfig: Setting CVar [[s.PriorityAsyncLoadingExtraTime:15.0]]
LogConfig: Setting CVar [[s.LevelStreamingActorsUpdateTimeLimit:5.0]]
LogConfig: Setting CVar [[s.PriorityLevelStreamingActorsUpdateExtraTime:5.0]]
LogConfig: Setting CVar [[s.LevelStreamingComponentsRegistrationGranularity:10]]
LogConfig: Setting CVar [[s.UnregisterComponentsTimeLimit:1.0]]
LogConfig: Setting CVar [[s.LevelStreamingComponentsUnregistrationGranularity:5]]
LogConfig: Setting CVar [[s.FlushStreamingOnExit:1]]
LogInit: Object subsystem initialized
LogConfig: Setting CVar [[con.DebugEarlyDefault:1]]
LogConfig: Setting CVar [[r.setres:1280x720]]
[2021.04.13-20.29.32:037][  0]LogConfig: Setting CVar [[r.VSync:0]]
[2021.04.13-20.29.32:037][  0]LogConfig: Setting CVar [[r.RHICmdBypass:0]]
[2021.04.13-20.29.32:037][  0]LogConfig: Applying CVar settings from Section [/Script/Engine.RendererSettings] File [C:/Users/federico.iribarren/Documents/Unreal Projects/UEPortfolioRPGCave/Saved/Config/Windows/Engine.ini]
[2021.04.13-20.29.32:037][  0]LogConfig: Setting CVar [[r.GPUCrashDebugging:0]]
[2021.04.13-20.29.32:037][  0]LogConfig: Applying CVar settings from Section [/Script/Engine.RendererOverrideSettings] File [C:/Users/federico.iribarren/Documents/Unreal Projects/UEPortfolioRPGCave/Saved/Config/Windows/Engine.ini]
[2021.04.13-20.29.32:037][  0]LogConfig: Applying CVar settings from Section [/Script/Engine.StreamingSettings] File [C:/Users/federico.iribarren/Documents/Unreal Projects/UEPortfolioRPGCave/Saved/Config/Windows/Engine.ini]
[2021.04.13-20.29.32:037][  0]LogConfig: Setting CVar [[s.MinBulkDataSizeForAsyncLoading:131072]]
[2021.04.13-20.29.32:037][  0]LogConfig: Setting CVar [[s.AsyncLoadingThreadEnabled:0]]
[2021.04.13-20.29.32:037][  0]LogConfig: Setting CVar [[s.EventDrivenLoaderEnabled:1]]
[2021.04.13-20.29.32:037][  0]LogConfig: Setting CVar [[s.WarnIfTimeLimitExceeded:0]]
[2021.04.13-20.29.32:037][  0]LogConfig: Setting CVar [[s.TimeLimitExceededMultiplier:1.5]]
[2021.04.13-20.29.32:037][  0]LogConfig: Setting CVar [[s.TimeLimitExceededMinTime:0.005]]
[2021.04.13-20.29.32:037][  0]LogConfig: Setting CVar [[s.UseBackgroundLevelStreaming:1]]
[2021.04.13-20.29.32:037][  0]LogConfig: Setting CVar [[s.PriorityAsyncLoadingExtraTime:15.0]]
[2021.04.13-20.29.32:037][  0]LogConfig: Setting CVar [[s.LevelStreamingActorsUpdateTimeLimit:5.0]]
[2021.04.13-20.29.32:037][  0]LogConfig: Setting CVar [[s.PriorityLevelStreamingActorsUpdateExtraTime:5.0]]
[2021.04.13-20.29.32:037][  0]LogConfig: Setting CVar [[s.LevelStreamingComponentsRegistrationGranularity:10]]
[2021.04.13-20.29.32:037][  0]LogConfig: Setting CVar [[s.UnregisterComponentsTimeLimit:1.0]]
[2021.04.13-20.29.32:037][  0]LogConfig: Setting CVar [[s.LevelStreamingComponentsUnregistrationGranularity:5]]
[2021.04.13-20.29.32:037][  0]LogConfig: Setting CVar [[s.FlushStreamingOnExit:1]]
[2021.04.13-20.29.32:037][  0]LogConfig: Applying CVar settings from Section [/Script/Engine.GarbageCollectionSettings] File [C:/Users/federico.iribarren/Documents/Unreal Projects/UEPortfolioRPGCave/Saved/Config/Windows/Engine.ini]
[2021.04.13-20.29.32:037][  0]LogConfig: Setting CVar [[gc.MaxObjectsNotConsideredByGC:1]]
[2021.04.13-20.29.32:037][  0]LogConfig: Setting CVar [[gc.SizeOfPermanentObjectPool:0]]
[2021.04.13-20.29.32:037][  0]LogConfig: Setting CVar [[gc.FlushStreamingOnGC:0]]
[2021.04.13-20.29.32:037][  0]LogConfig: Setting CVar [[gc.NumRetriesBeforeForcingGC:10]]
[2021.04.13-20.29.32:037][  0]LogConfig: Setting CVar [[gc.AllowParallelGC:1]]
[2021.04.13-20.29.32:037][  0]LogConfig: Setting CVar [[gc.TimeBetweenPurgingPendingKillObjects:61.1]]
[2021.04.13-20.29.32:037][  0]LogConfig: Setting CVar [[gc.MaxObjectsInEditor:25165824]]
[2021.04.13-20.29.32:037][  0]LogConfig: Setting CVar [[gc.IncrementalBeginDestroyEnabled:1]]
[2021.04.13-20.29.32:037][  0]LogConfig: Setting CVar [[gc.CreateGCClusters:1]]
[2021.04.13-20.29.32:037][  0]LogConfig: Setting CVar [[gc.MinGCClusterSize:5]]
[2021.04.13-20.29.32:037][  0]LogConfig: Setting CVar [[gc.ActorClusteringEnabled:0]]
[2021.04.13-20.29.32:037][  0]LogConfig: Setting CVar [[gc.BlueprintClusteringEnabled:0]]
[2021.04.13-20.29.32:037][  0]LogConfig: Setting CVar [[gc.UseDisregardForGCOnDedicatedServers:0]]
[2021.04.13-20.29.32:037][  0]LogConfig: Applying CVar settings from Section [/Script/Engine.NetworkSettings] File [C:/Users/federico.iribarren/Documents/Unreal Projects/UEPortfolioRPGCave/Saved/Config/Windows/Engine.ini]
[2021.04.13-20.29.32:037][  0]LogConfig: Applying CVar settings from Section [/Script/UnrealEd.CookerSettings] File [C:/Users/federico.iribarren/Documents/Unreal Projects/UEPortfolioRPGCave/Saved/Config/Windows/Engine.ini]
[2021.04.13-20.29.32:043][  0]LogConfig: Applying CVar settings from Section [ViewDistanceQuality@3] File [C:/Users/federico.iribarren/Documents/Unreal Projects/UEPortfolioRPGCave/Saved/Config/Windows/Scalability.ini]
[2021.04.13-20.29.32:043][  0]LogConfig: Setting CVar [[r.SkeletalMeshLODBias:0]]
[2021.04.13-20.29.32:043][  0]LogConfig: Setting CVar [[r.ViewDistanceScale:1.0]]
[2021.04.13-20.29.32:043][  0]LogConfig: Applying CVar settings from Section [AntiAliasingQuality@3] File [C:/Users/federico.iribarren/Documents/Unreal Projects/UEPortfolioRPGCave/Saved/Config/Windows/Scalability.ini]
[2021.04.13-20.29.32:043][  0]LogConfig: Setting CVar [[r.PostProcessAAQuality:4]]
[2021.04.13-20.29.32:043][  0]LogConfig: Applying CVar settings from Section [ShadowQuality@3] File [C:/Users/federico.iribarren/Documents/Unreal Projects/UEPortfolioRPGCave/Saved/Config/Windows/Scalability.ini]
[2021.04.13-20.29.32:043][  0]LogConfig: Setting CVar [[r.LightFunctionQuality:1]]
[2021.04.13-20.29.32:043][  0]LogConfig: Setting CVar [[r.ShadowQuality:5]]
[2021.04.13-20.29.32:043][  0]LogConfig: Setting CVar [[r.Shadow.CSM.MaxCascades:10]]
[2021.04.13-20.29.32:043][  0]LogConfig: Setting CVar [[r.Shadow.MaxResolution:2048]]
[2021.04.13-20.29.32:043][  0]LogConfig: Setting CVar [[r.Shadow.MaxCSMResolution:2048]]
[2021.04.13-20.29.32:043][  0]LogConfig: Setting CVar [[r.Shadow.RadiusThreshold:0.01]]
[2021.04.13-20.29.32:043][  0]LogConfig: Setting CVar [[r.Shadow.DistanceScale:1.0]]
[2021.04.13-20.29.32:043][  0]LogConfig: Setting CVar [[r.Shadow.CSM.TransitionScale:1.0]]
[2021.04.13-20.29.32:043][  0]LogConfig: Setting CVar [[r.Shadow.PreShadowResolutionFactor:1.0]]
[2021.04.13-20.29.32:043][  0]LogConfig: Setting CVar [[r.DistanceFieldShadowing:1]]
[2021.04.13-20.29.32:043][  0]LogConfig: Setting CVar [[r.DistanceFieldAO:1]]
[2021.04.13-20.29.32:043][  0]LogConfig: Setting CVar [[r.AOQuality:2]]
[2021.04.13-20.29.32:043][  0]LogConfig: Setting CVar [[r.VolumetricFog:1]]
[2021.04.13-20.29.32:043][  0]LogConfig: Setting CVar [[r.VolumetricFog.GridPixelSize:8]]
[2021.04.13-20.29.32:043][  0]LogConfig: Setting CVar [[r.VolumetricFog.GridSizeZ:128]]
[2021.04.13-20.29.32:043][  0]LogConfig: Setting CVar [[r.VolumetricFog.HistoryMissSupersampleCount:4]]
[2021.04.13-20.29.32:043][  0]LogConfig: Setting CVar [[r.LightMaxDrawDistanceScale:1]]
[2021.04.13-20.29.32:043][  0]LogConfig: Setting CVar [[r.CapsuleShadows:1]]
[2021.04.13-20.29.32:043][  0]LogConfig: Applying CVar settings from Section [PostProcessQuality@3] File [C:/Users/federico.iribarren/Documents/Unreal Projects/UEPortfolioRPGCave/Saved/Config/Windows/Scalability.ini]
[2021.04.13-20.29.32:043][  0]LogConfig: Setting CVar [[r.MotionBlurQuality:4]]
[2021.04.13-20.29.32:043][  0]LogConfig: Setting CVar [[r.AmbientOcclusionMipLevelFactor:0.4]]
[2021.04.13-20.29.32:043][  0]LogConfig: Setting CVar [[r.AmbientOcclusionMaxQuality:100]]
[2021.04.13-20.29.32:043][  0]LogConfig: Setting CVar [[r.AmbientOcclusionLevels:-1]]
[2021.04.13-20.29.32:043][  0]LogConfig: Setting CVar [[r.AmbientOcclusionRadiusScale:1.0]]
[2021.04.13-20.29.32:043][  0]LogConfig: Setting CVar [[r.DepthOfFieldQuality:2]]
[2021.04.13-20.29.32:043][  0]LogConfig: Setting CVar [[r.RenderTargetPoolMin:400]]
[2021.04.13-20.29.32:043][  0]LogConfig: Setting CVar [[r.LensFlareQuality:2]]
[2021.04.13-20.29.32:043][  0]LogConfig: Setting CVar [[r.SceneColorFringeQuality:1]]
[2021.04.13-20.29.32:043][  0]LogConfig: Setting CVar [[r.EyeAdaptationQuality:2]]
[2021.04.13-20.29.32:043][  0]LogConfig: Setting CVar [[r.BloomQuality:5]]
[2021.04.13-20.29.32:043][  0]LogConfig: Setting CVar [[r.FastBlurThreshold:100]]
[2021.04.13-20.29.32:043][  0]LogConfig: Setting CVar [[r.Upscale.Quality:3]]
[2021.04.13-20.29.32:043][  0]LogConfig: Setting CVar [[r.Tonemapper.GrainQuantization:1]]
[2021.04.13-20.29.32:043][  0]LogConfig: Setting CVar [[r.LightShaftQuality:1]]
[2021.04.13-20.29.32:043][  0]LogConfig: Setting CVar [[r.Filter.SizeScale:1]]
[2021.04.13-20.29.32:043][  0]LogConfig: Setting CVar [[r.Tonemapper.Quality:5]]
[2021.04.13-20.29.32:043][  0]LogConfig: Setting CVar [[r.DOF.Gather.AccumulatorQuality:1        ; higher gathering accumulator quality]]
[2021.04.13-20.29.32:043][  0]LogConfig: Setting CVar [[r.DOF.Gather.PostfilterMethod:1          ; Median3x3 postfilering method]]
[2021.04.13-20.29.32:043][  0]LogConfig: Setting CVar [[r.DOF.Gather.EnableBokehSettings:0       ; no bokeh simulation when gathering]]
[2021.04.13-20.29.32:043][  0]LogConfig: Setting CVar [[r.DOF.Gather.RingCount:4                 ; medium number of samples when gathering]]
[2021.04.13-20.29.32:043][  0]LogConfig: Setting CVar [[r.DOF.Scatter.ForegroundCompositing:1    ; additive foreground scattering]]
[2021.04.13-20.29.32:043][  0]LogConfig: Setting CVar [[r.DOF.Scatter.BackgroundCompositing:2    ; additive background scattering]]
[2021.04.13-20.29.32:043][  0]LogConfig: Setting CVar [[r.DOF.Scatter.EnableBokehSettings:1      ; bokeh simulation when scattering]]
[2021.04.13-20.29.32:043][  0]LogConfig: Setting CVar [[r.DOF.Scatter.MaxSpriteRatio:0.1         ; only a maximum of 10% of scattered bokeh]]
[2021.04.13-20.29.32:043][  0]LogConfig: Setting CVar [[r.DOF.Recombine.Quality:1                ; cheap slight out of focus]]
[2021.04.13-20.29.32:043][  0]LogConfig: Setting CVar [[r.DOF.Recombine.EnableBokehSettings:0    ; no bokeh simulation on slight out of focus]]
[2021.04.13-20.29.32:043][  0]LogConfig: Setting CVar [[r.DOF.TemporalAAQuality:1                ; more stable temporal accumulation]]
[2021.04.13-20.29.32:043][  0]LogConfig: Setting CVar [[r.DOF.Kernel.MaxForegroundRadius:0.025]]
[2021.04.13-20.29.32:043][  0]LogConfig: Setting CVar [[r.DOF.Kernel.MaxBackgroundRadius:0.025]]
[2021.04.13-20.29.32:043][  0]LogConfig: Applying CVar settings from Section [TextureQuality@3] File [C:/Users/federico.iribarren/Documents/Unreal Projects/UEPortfolioRPGCave/Saved/Config/Windows/Scalability.ini]
[2021.04.13-20.29.32:043][  0]LogConfig: Setting CVar [[r.Streaming.MipBias:0]]
[2021.04.13-20.29.32:043][  0]LogConfig: Setting CVar [[r.Streaming.AmortizeCPUToGPUCopy:0]]
[2021.04.13-20.29.32:044][  0]LogConfig: Setting CVar [[r.Streaming.MaxNumTexturesToStreamPerFrame:0]]
[2021.04.13-20.29.32:044][  0]LogConfig: Setting CVar [[r.Streaming.Boost:1]]
[2021.04.13-20.29.32:044][  0]LogConfig: Setting CVar [[r.MaxAnisotropy:8]]
[2021.04.13-20.29.32:044][  0]LogConfig: Setting CVar [[r.VT.MaxAnisotropy:8]]
[2021.04.13-20.29.32:044][  0]LogConfig: Setting CVar [[r.Streaming.LimitPoolSizeToVRAM:0]]
[2021.04.13-20.29.32:044][  0]LogConfig: Setting CVar [[r.Streaming.PoolSize:1000]]
[2021.04.13-20.29.32:044][  0]LogConfig: Setting CVar [[r.Streaming.MaxEffectiveScreenSize:0]]
[2021.04.13-20.29.32:044][  0]LogConfig: Applying CVar settings from Section [EffectsQuality@3] File [C:/Users/federico.iribarren/Documents/Unreal Projects/UEPortfolioRPGCave/Saved/Config/Windows/Scalability.ini]
[2021.04.13-20.29.32:044][  0]LogConfig: Setting CVar [[r.TranslucencyLightingVolumeDim:64]]
[2021.04.13-20.29.32:044][  0]LogConfig: Setting CVar [[r.RefractionQuality:2]]
[2021.04.13-20.29.32:044][  0]LogConfig: Setting CVar [[r.SSR.Quality:3]]
[2021.04.13-20.29.32:044][  0]LogConfig: Setting CVar [[r.SSR.HalfResSceneColor:0]]
[2021.04.13-20.29.32:044][  0]LogConfig: Setting CVar [[r.SceneColorFormat:4]]
[2021.04.13-20.29.32:044][  0]LogConfig: Setting CVar [[r.DetailMode:2]]
[2021.04.13-20.29.32:044][  0]LogConfig: Setting CVar [[r.TranslucencyVolumeBlur:1]]
[2021.04.13-20.29.32:044][  0]LogConfig: Setting CVar [[r.MaterialQualityLevel:1 ; High quality]]
[2021.04.13-20.29.32:044][  0]LogConfig: Setting CVar [[r.SSS.Scale:1]]
[2021.04.13-20.29.32:044][  0]LogConfig: Setting CVar [[r.SSS.SampleSet:2]]
[2021.04.13-20.29.32:044][  0]LogConfig: Setting CVar [[r.SSS.Quality:1]]
[2021.04.13-20.29.32:044][  0]LogConfig: Setting CVar [[r.SSS.HalfRes:0]]
[2021.04.13-20.29.32:044][  0]LogConfig: Setting CVar [[r.SSGI.Quality:3]]
[2021.04.13-20.29.32:044][  0]LogConfig: Setting CVar [[r.EmitterSpawnRateScale:1.0]]
[2021.04.13-20.29.32:044][  0]LogConfig: Setting CVar [[r.ParticleLightQuality:2]]
[2021.04.13-20.29.32:044][  0]LogConfig: Setting CVar [[r.SkyAtmosphere.AerialPerspectiveLUT.FastApplyOnOpaque:1 ; Always have FastSkyLUT 1 in this case to avoid wrong sky]]
[2021.04.13-20.29.32:044][  0]LogConfig: Setting CVar [[r.SkyAtmosphere.AerialPerspectiveLUT.SampleCountPerSlice:1]]
[2021.04.13-20.29.32:044][  0]LogConfig: Setting CVar [[r.SkyAtmosphere.AerialPerspectiveLUT.DepthResolution:16.0]]
[2021.04.13-20.29.32:044][  0]LogConfig: Setting CVar [[r.SkyAtmosphere.FastSkyLUT:1]]
[2021.04.13-20.29.32:044][  0]LogConfig: Setting CVar [[r.SkyAtmosphere.FastSkyLUT.SampleCountMin:4.0]]
[2021.04.13-20.29.32:044][  0]LogConfig: Setting CVar [[r.SkyAtmosphere.FastSkyLUT.SampleCountMax:32.0]]
[2021.04.13-20.29.32:044][  0]LogConfig: Setting CVar [[r.SkyAtmosphere.SampleCountMin:4.0]]
[2021.04.13-20.29.32:044][  0]LogConfig: Setting CVar [[r.SkyAtmosphere.SampleCountMax:32.0]]
[2021.04.13-20.29.32:044][  0]LogConfig: Setting CVar [[r.SkyAtmosphere.TransmittanceLUT.UseSmallFormat:0]]
[2021.04.13-20.29.32:044][  0]LogConfig: Setting CVar [[r.SkyAtmosphere.TransmittanceLUT.SampleCount:10.0]]
[2021.04.13-20.29.32:044][  0]LogConfig: Setting CVar [[r.SkyAtmosphere.MultiScatteringLUT.SampleCount:15.0]]
[2021.04.13-20.29.32:044][  0]LogConfig: Applying CVar settings from Section [FoliageQuality@3] File [C:/Users/federico.iribarren/Documents/Unreal Projects/UEPortfolioRPGCave/Saved/Config/Windows/Scalability.ini]
[2021.04.13-20.29.32:044][  0]LogConfig: Setting CVar [[foliage.DensityScale:1.0]]
[2021.04.13-20.29.32:044][  0]LogConfig: Setting CVar [[grass.DensityScale:1.0]]
[2021.04.13-20.29.32:044][  0]LogConfig: Applying CVar settings from Section [ShadingQuality@3] File [C:/Users/federico.iribarren/Documents/Unreal Projects/UEPortfolioRPGCave/Saved/Config/Windows/Scalability.ini]
[2021.04.13-20.29.32:044][  0]LogConfig: Setting CVar [[r.HairStrands.SkyLighting.SampleCount:16]]
[2021.04.13-20.29.32:044][  0]LogConfig: Setting CVar [[r.HairStrands.SkyLighting.JitterIntegration:0]]
[2021.04.13-20.29.32:044][  0]LogConfig: Setting CVar [[r.HairStrands.SkyAO.SampleCount:16]]
[2021.04.13-20.29.32:044][  0]LogConfig: Setting CVar [[r.HairStrands.DeepShadow.SuperSampling:0]]
[2021.04.13-20.29.32:044][  0]LogConfig: Setting CVar [[r.HairStrands.VisibilityPPLL:0]]
[2021.04.13-20.29.32:044][  0]LogConfig: Setting CVar [[r.HairStrands.RasterizationScale:0.5]]
[2021.04.13-20.29.32:044][  0]LogConfig: Setting CVar [[r.HairStrands.VelocityRasterizationScale:1]]
[2021.04.13-20.29.32:044][  0]LogInit: Selected Device Profile: [Windows]
[2021.04.13-20.29.32:044][  0]LogInit: Applying CVar settings loaded from the selected device profile: [Windows]
[2021.04.13-20.29.32:044][  0]LogHAL: Display: Platform has ~ 32 GB [34310426624 / 34359738368 / 32], which maps to Largest [LargestMinGB=32, LargerMinGB=12, DefaultMinGB=8, SmallerMinGB=6, SmallestMinGB=0)
[2021.04.13-20.29.32:044][  0]LogInit: Going up to parent DeviceProfile []
[2021.04.13-20.29.32:044][  0]LogConfig: Applying CVar settings from Section [ViewDistanceQuality@3] File [C:/Users/federico.iribarren/Documents/Unreal Projects/UEPortfolioRPGCave/Saved/Config/Windows/Scalability.ini]
[2021.04.13-20.29.32:044][  0]LogConfig: Setting CVar [[r.SkeletalMeshLODBias:0]]
[2021.04.13-20.29.32:044][  0]LogConfig: Setting CVar [[r.ViewDistanceScale:1.0]]
[2021.04.13-20.29.32:044][  0]LogConfig: Applying CVar settings from Section [AntiAliasingQuality@3] File [C:/Users/federico.iribarren/Documents/Unreal Projects/UEPortfolioRPGCave/Saved/Config/Windows/Scalability.ini]
[2021.04.13-20.29.32:044][  0]LogConfig: Setting CVar [[r.PostProcessAAQuality:4]]
[2021.04.13-20.29.32:044][  0]LogConfig: Applying CVar settings from Section [ShadowQuality@3] File [C:/Users/federico.iribarren/Documents/Unreal Projects/UEPortfolioRPGCave/Saved/Config/Windows/Scalability.ini]
[2021.04.13-20.29.32:045][  0]LogConfig: Setting CVar [[r.LightFunctionQuality:1]]
[2021.04.13-20.29.32:045][  0]LogConfig: Setting CVar [[r.ShadowQuality:5]]
[2021.04.13-20.29.32:045][  0]LogConfig: Setting CVar [[r.Shadow.CSM.MaxCascades:10]]
[2021.04.13-20.29.32:045][  0]LogConfig: Setting CVar [[r.Shadow.MaxResolution:2048]]
[2021.04.13-20.29.32:045][  0]LogConfig: Setting CVar [[r.Shadow.MaxCSMResolution:2048]]
[2021.04.13-20.29.32:045][  0]LogConfig: Setting CVar [[r.Shadow.RadiusThreshold:0.01]]
[2021.04.13-20.29.32:045][  0]LogConfig: Setting CVar [[r.Shadow.DistanceScale:1.0]]
[2021.04.13-20.29.32:045][  0]LogConfig: Setting CVar [[r.Shadow.CSM.TransitionScale:1.0]]
[2021.04.13-20.29.32:045][  0]LogConfig: Setting CVar [[r.Shadow.PreShadowResolutionFactor:1.0]]
[2021.04.13-20.29.32:045][  0]LogConfig: Setting CVar [[r.DistanceFieldShadowing:1]]
[2021.04.13-20.29.32:045][  0]LogConfig: Setting CVar [[r.DistanceFieldAO:1]]
[2021.04.13-20.29.32:045][  0]LogConfig: Setting CVar [[r.AOQuality:2]]
[2021.04.13-20.29.32:045][  0]LogConfig: Setting CVar [[r.VolumetricFog:1]]
[2021.04.13-20.29.32:045][  0]LogConfig: Setting CVar [[r.VolumetricFog.GridPixelSize:8]]
[2021.04.13-20.29.32:045][  0]LogConfig: Setting CVar [[r.VolumetricFog.GridSizeZ:128]]
[2021.04.13-20.29.32:045][  0]LogConfig: Setting CVar [[r.VolumetricFog.HistoryMissSupersampleCount:4]]
[2021.04.13-20.29.32:045][  0]LogConfig: Setting CVar [[r.LightMaxDrawDistanceScale:1]]
[2021.04.13-20.29.32:045][  0]LogConfig: Setting CVar [[r.CapsuleShadows:1]]
[2021.04.13-20.29.32:045][  0]LogConfig: Applying CVar settings from Section [PostProcessQuality@3] File [C:/Users/federico.iribarren/Documents/Unreal Projects/UEPortfolioRPGCave/Saved/Config/Windows/Scalability.ini]
[2021.04.13-20.29.32:045][  0]LogConfig: Setting CVar [[r.MotionBlurQuality:4]]
[2021.04.13-20.29.32:045][  0]LogConfig: Setting CVar [[r.AmbientOcclusionMipLevelFactor:0.4]]
[2021.04.13-20.29.32:045][  0]LogConfig: Setting CVar [[r.AmbientOcclusionMaxQuality:100]]
[2021.04.13-20.29.32:045][  0]LogConfig: Setting CVar [[r.AmbientOcclusionLevels:-1]]
[2021.04.13-20.29.32:045][  0]LogConfig: Setting CVar [[r.AmbientOcclusionRadiusScale:1.0]]
[2021.04.13-20.29.32:045][  0]LogConfig: Setting CVar [[r.DepthOfFieldQuality:2]]
[2021.04.13-20.29.32:045][  0]LogConfig: Setting CVar [[r.RenderTargetPoolMin:400]]
[2021.04.13-20.29.32:045][  0]LogConfig: Setting CVar [[r.LensFlareQuality:2]]
[2021.04.13-20.29.32:045][  0]LogConfig: Setting CVar [[r.SceneColorFringeQuality:1]]
[2021.04.13-20.29.32:045][  0]LogConfig: Setting CVar [[r.EyeAdaptationQuality:2]]
[2021.04.13-20.29.32:045][  0]LogConfig: Setting CVar [[r.BloomQuality:5]]
[2021.04.13-20.29.32:045][  0]LogConfig: Setting CVar [[r.FastBlurThreshold:100]]
[2021.04.13-20.29.32:045][  0]LogConfig: Setting CVar [[r.Upscale.Quality:3]]
[2021.04.13-20.29.32:045][  0]LogConfig: Setting CVar [[r.Tonemapper.GrainQuantization:1]]
[2021.04.13-20.29.32:045][  0]LogConfig: Setting CVar [[r.LightShaftQuality:1]]
[2021.04.13-20.29.32:045][  0]LogConfig: Setting CVar [[r.Filter.SizeScale:1]]
[2021.04.13-20.29.32:045][  0]LogConfig: Setting CVar [[r.Tonemapper.Quality:5]]
[2021.04.13-20.29.32:045][  0]LogConfig: Setting CVar [[r.DOF.Gather.AccumulatorQuality:1        ; higher gathering accumulator quality]]
[2021.04.13-20.29.32:045][  0]LogConfig: Setting CVar [[r.DOF.Gather.PostfilterMethod:1          ; Median3x3 postfilering method]]
[2021.04.13-20.29.32:045][  0]LogConfig: Setting CVar [[r.DOF.Gather.EnableBokehSettings:0       ; no bokeh simulation when gathering]]
[2021.04.13-20.29.32:045][  0]LogConfig: Setting CVar [[r.DOF.Gather.RingCount:4                 ; medium number of samples when gathering]]
[2021.04.13-20.29.32:045][  0]LogConfig: Setting CVar [[r.DOF.Scatter.ForegroundCompositing:1    ; additive foreground scattering]]
[2021.04.13-20.29.32:045][  0]LogConfig: Setting CVar [[r.DOF.Scatter.BackgroundCompositing:2    ; additive background scattering]]
[2021.04.13-20.29.32:045][  0]LogConfig: Setting CVar [[r.DOF.Scatter.EnableBokehSettings:1      ; bokeh simulation when scattering]]
[2021.04.13-20.29.32:045][  0]LogConfig: Setting CVar [[r.DOF.Scatter.MaxSpriteRatio:0.1         ; only a maximum of 10% of scattered bokeh]]
[2021.04.13-20.29.32:045][  0]LogConfig: Setting CVar [[r.DOF.Recombine.Quality:1                ; cheap slight out of focus]]
[2021.04.13-20.29.32:045][  0]LogConfig: Setting CVar [[r.DOF.Recombine.EnableBokehSettings:0    ; no bokeh simulation on slight out of focus]]
[2021.04.13-20.29.32:045][  0]LogConfig: Setting CVar [[r.DOF.TemporalAAQuality:1                ; more stable temporal accumulation]]
[2021.04.13-20.29.32:045][  0]LogConfig: Setting CVar [[r.DOF.Kernel.MaxForegroundRadius:0.025]]
[2021.04.13-20.29.32:045][  0]LogConfig: Setting CVar [[r.DOF.Kernel.MaxBackgroundRadius:0.025]]
[2021.04.13-20.29.32:045][  0]LogConfig: Applying CVar settings from Section [TextureQuality@3] File [C:/Users/federico.iribarren/Documents/Unreal Projects/UEPortfolioRPGCave/Saved/Config/Windows/Scalability.ini]
[2021.04.13-20.29.32:045][  0]LogConfig: Setting CVar [[r.Streaming.MipBias:0]]
[2021.04.13-20.29.32:045][  0]LogConfig: Setting CVar [[r.Streaming.AmortizeCPUToGPUCopy:0]]
[2021.04.13-20.29.32:045][  0]LogConfig: Setting CVar [[r.Streaming.MaxNumTexturesToStreamPerFrame:0]]
[2021.04.13-20.29.32:045][  0]LogConfig: Setting CVar [[r.Streaming.Boost:1]]
[2021.04.13-20.29.32:045][  0]LogConfig: Setting CVar [[r.MaxAnisotropy:8]]
[2021.04.13-20.29.32:045][  0]LogConfig: Setting CVar [[r.VT.MaxAnisotropy:8]]
[2021.04.13-20.29.32:045][  0]LogConfig: Setting CVar [[r.Streaming.LimitPoolSizeToVRAM:0]]
[2021.04.13-20.29.32:045][  0]LogConfig: Setting CVar [[r.Streaming.PoolSize:1000]]
[2021.04.13-20.29.32:045][  0]LogConfig: Setting CVar [[r.Streaming.MaxEffectiveScreenSize:0]]
[2021.04.13-20.29.32:045][  0]LogConfig: Applying CVar settings from Section [EffectsQuality@3] File [C:/Users/federico.iribarren/Documents/Unreal Projects/UEPortfolioRPGCave/Saved/Config/Windows/Scalability.ini]
[2021.04.13-20.29.32:045][  0]LogConfig: Setting CVar [[r.TranslucencyLightingVolumeDim:64]]
[2021.04.13-20.29.32:045][  0]LogConfig: Setting CVar [[r.RefractionQuality:2]]
[2021.04.13-20.29.32:045][  0]LogConfig: Setting CVar [[r.SSR.Quality:3]]
[2021.04.13-20.29.32:045][  0]LogConfig: Setting CVar [[r.SSR.HalfResSceneColor:0]]
[2021.04.13-20.29.32:045][  0]LogConfig: Setting CVar [[r.SceneColorFormat:4]]
[2021.04.13-20.29.32:045][  0]LogConfig: Setting CVar [[r.DetailMode:2]]
[2021.04.13-20.29.32:045][  0]LogConfig: Setting CVar [[r.TranslucencyVolumeBlur:1]]
[2021.04.13-20.29.32:045][  0]LogConfig: Setting CVar [[r.MaterialQualityLevel:1 ; High quality]]
[2021.04.13-20.29.32:045][  0]LogConfig: Setting CVar [[r.SSS.Scale:1]]
[2021.04.13-20.29.32:045][  0]LogConfig: Setting CVar [[r.SSS.SampleSet:2]]
[2021.04.13-20.29.32:045][  0]LogConfig: Setting CVar [[r.SSS.Quality:1]]
[2021.04.13-20.29.32:045][  0]LogConfig: Setting CVar [[r.SSS.HalfRes:0]]
[2021.04.13-20.29.32:045][  0]LogConfig: Setting CVar [[r.SSGI.Quality:3]]
[2021.04.13-20.29.32:045][  0]LogConfig: Setting CVar [[r.EmitterSpawnRateScale:1.0]]
[2021.04.13-20.29.32:045][  0]LogConfig: Setting CVar [[r.ParticleLightQuality:2]]
[2021.04.13-20.29.32:045][  0]LogConfig: Setting CVar [[r.SkyAtmosphere.AerialPerspectiveLUT.FastApplyOnOpaque:1 ; Always have FastSkyLUT 1 in this case to avoid wrong sky]]
[2021.04.13-20.29.32:045][  0]LogConfig: Setting CVar [[r.SkyAtmosphere.AerialPerspectiveLUT.SampleCountPerSlice:1]]
[2021.04.13-20.29.32:045][  0]LogConfig: Setting CVar [[r.SkyAtmosphere.AerialPerspectiveLUT.DepthResolution:16.0]]
[2021.04.13-20.29.32:045][  0]LogConfig: Setting CVar [[r.SkyAtmosphere.FastSkyLUT:1]]
[2021.04.13-20.29.32:045][  0]LogConfig: Setting CVar [[r.SkyAtmosphere.FastSkyLUT.SampleCountMin:4.0]]
[2021.04.13-20.29.32:045][  0]LogConfig: Setting CVar [[r.SkyAtmosphere.FastSkyLUT.SampleCountMax:32.0]]
[2021.04.13-20.29.32:045][  0]LogConfig: Setting CVar [[r.SkyAtmosphere.SampleCountMin:4.0]]
[2021.04.13-20.29.32:045][  0]LogConfig: Setting CVar [[r.SkyAtmosphere.SampleCountMax:32.0]]
[2021.04.13-20.29.32:046][  0]LogConfig: Setting CVar [[r.SkyAtmosphere.TransmittanceLUT.UseSmallFormat:0]]
[2021.04.13-20.29.32:046][  0]LogConfig: Setting CVar [[r.SkyAtmosphere.TransmittanceLUT.SampleCount:10.0]]
[2021.04.13-20.29.32:046][  0]LogConfig: Setting CVar [[r.SkyAtmosphere.MultiScatteringLUT.SampleCount:15.0]]
[2021.04.13-20.29.32:046][  0]LogConfig: Applying CVar settings from Section [FoliageQuality@3] File [C:/Users/federico.iribarren/Documents/Unreal Projects/UEPortfolioRPGCave/Saved/Config/Windows/Scalability.ini]
[2021.04.13-20.29.32:046][  0]LogConfig: Setting CVar [[foliage.DensityScale:1.0]]
[2021.04.13-20.29.32:046][  0]LogConfig: Setting CVar [[grass.DensityScale:1.0]]
[2021.04.13-20.29.32:046][  0]LogConfig: Applying CVar settings from Section [ShadingQuality@3] File [C:/Users/federico.iribarren/Documents/Unreal Projects/UEPortfolioRPGCave/Saved/Config/Windows/Scalability.ini]
[2021.04.13-20.29.32:046][  0]LogConfig: Setting CVar [[r.HairStrands.SkyLighting.SampleCount:16]]
[2021.04.13-20.29.32:046][  0]LogConfig: Setting CVar [[r.HairStrands.SkyLighting.JitterIntegration:0]]
[2021.04.13-20.29.32:046][  0]LogConfig: Setting CVar [[r.HairStrands.SkyAO.SampleCount:16]]
[2021.04.13-20.29.32:046][  0]LogConfig: Setting CVar [[r.HairStrands.DeepShadow.SuperSampling:0]]
[2021.04.13-20.29.32:046][  0]LogConfig: Setting CVar [[r.HairStrands.VisibilityPPLL:0]]
[2021.04.13-20.29.32:046][  0]LogConfig: Setting CVar [[r.HairStrands.RasterizationScale:0.5]]
[2021.04.13-20.29.32:046][  0]LogConfig: Setting CVar [[r.HairStrands.VelocityRasterizationScale:1]]
[2021.04.13-20.29.32:046][  0]LogConfig: Applying CVar settings from Section [Startup] File [../../../Engine/Config/ConsoleVariables.ini]
[2021.04.13-20.29.32:047][  0]LogConfig: Setting CVar [[net.UseAdaptiveNetUpdateFrequency:0]]
[2021.04.13-20.29.32:047][  0]LogConfig: Setting CVar [[p.chaos.AllowCreatePhysxBodies:1]]
[2021.04.13-20.29.32:047][  0]LogConfig: Setting CVar [[fx.SkipVectorVMBackendOptimizations:1]]
[2021.04.13-20.29.32:047][  0]LogConfig: Applying CVar settings from Section [ConsoleVariables] File [C:/Users/federico.iribarren/Documents/Unreal Projects/UEPortfolioRPGCave/Saved/Config/Windows/Engine.ini]
[2021.04.13-20.29.32:047][  0]LogInit: Computer: AR-IT08685
[2021.04.13-20.29.32:047][  0]LogInit: User: federicoiribarren
[2021.04.13-20.29.32:047][  0]LogInit: CPU Page size=4096, Cores=4
[2021.04.13-20.29.32:047][  0]LogInit: High frequency timer resolution =10.000000 MHz
[2021.04.13-20.29.32:047][  0]LogMemory: Memory total: Physical=32.0GB (32GB approx)
[2021.04.13-20.29.32:047][  0]LogMemory: Platform Memory Stats for Windows
[2021.04.13-20.29.32:047][  0]LogMemory: Process Physical Memory: 118.08 MB used, 118.09 MB peak
[2021.04.13-20.29.32:047][  0]LogMemory: Process Virtual Memory: 99.84 MB used, 99.84 MB peak
[2021.04.13-20.29.32:047][  0]LogMemory: Physical Memory: 12106.43 MB used,  20614.54 MB free, 32720.97 MB total
[2021.04.13-20.29.32:047][  0]LogMemory: Virtual Memory: 5115.87 MB used,  134212616.00 MB free, 134217728.00 MB total
[2021.04.13-20.29.32:058][  0]LogWindows: WindowsPlatformFeatures enabled
[2021.04.13-20.29.32:141][  0]LogInit: Physics initialised using underlying interface: PhysX
[2021.04.13-20.29.32:143][  0]LogInit: Using OS detected language (en-US).
[2021.04.13-20.29.32:143][  0]LogInit: Using OS detected locale (en-US).
[2021.04.13-20.29.32:150][  0]LogTextLocalizationManager: No specific localization for 'en-US' exists, so the 'en' localization will be used.
[2021.04.13-20.29.32:355][  0]LogInit: Setting process to per monitor DPI aware
[2021.04.13-20.29.32:406][  0]LogSlate: New Slate User Created.  User Index 0, Is Virtual User: 0
[2021.04.13-20.29.32:406][  0]LogSlate: Slate User Registered.  User Index 0, Is Virtual User: 0
[2021.04.13-20.29.33:046][  0]LogHMD: Failed to initialize OpenVR with code 110
[2021.04.13-20.29.33:046][  0]LogD3D11RHI: D3D11 min allowed feature level: 11_0
[2021.04.13-20.29.33:046][  0]LogD3D11RHI: D3D11 max allowed feature level: 11_0
[2021.04.13-20.29.33:046][  0]LogD3D11RHI: D3D11 adapters:
[2021.04.13-20.29.33:155][  0]LogD3D11RHI:    0. 'NVIDIA GeForce GTX 1080' (Feature Level 11_0)
[2021.04.13-20.29.33:155][  0]LogD3D11RHI:       8079/0/16360 MB DedicatedVideo/DedicatedSystem/SharedSystem, Outputs:1, VendorId:0x10de
[2021.04.13-20.29.33:160][  0]LogD3D11RHI:    1. 'Microsoft Basic Render Driver' (Feature Level 11_0)
[2021.04.13-20.29.33:160][  0]LogD3D11RHI:       0/0/16360 MB DedicatedVideo/DedicatedSystem/SharedSystem, Outputs:0, VendorId:0x1414
[2021.04.13-20.29.33:160][  0]LogD3D11RHI: Chosen D3D11 Adapter: 0
[2021.04.13-20.29.33:174][  0]LogD3D11RHI: Creating new Direct3DDevice
[2021.04.13-20.29.33:174][  0]LogD3D11RHI:     GPU DeviceId: 0x1b80 (for the marketing name, search the web for "GPU Device Id")
[2021.04.13-20.29.33:174][  0]LogWindows: EnumDisplayDevices:
[2021.04.13-20.29.33:174][  0]LogWindows:    0. 'NVIDIA GeForce GTX 1080' (P:1 D:1)
[2021.04.13-20.29.33:174][  0]LogWindows:    1. 'NVIDIA GeForce GTX 1080' (P:0 D:0)
[2021.04.13-20.29.33:175][  0]LogWindows:    2. 'NVIDIA GeForce GTX 1080' (P:0 D:0)
[2021.04.13-20.29.33:175][  0]LogWindows:    3. 'NVIDIA GeForce GTX 1080' (P:0 D:0)
[2021.04.13-20.29.33:175][  0]LogWindows: DebugString: FoundDriverCount:4 
[2021.04.13-20.29.33:175][  0]LogD3D11RHI:     Adapter Name: NVIDIA GeForce GTX 1080
[2021.04.13-20.29.33:175][  0]LogD3D11RHI:   Driver Version: 432.00 (internal:26.21.14.3200, unified:432.00)
[2021.04.13-20.29.33:176][  0]LogD3D11RHI:      Driver Date: 7-24-2019
[2021.04.13-20.29.33:176][  0]LogRHI: Texture pool is 5655 MB (70% of 8079 MB)
[2021.04.13-20.29.33:254][  0]LogD3D11RHI: RHI has support for 64 bit atomics
[2021.04.13-20.29.33:258][  0]LogD3D11RHI: [Aftermath] Enabled and primed
[2021.04.13-20.29.33:258][  0]LogD3D11RHI: Async texture creation enabled
[2021.04.13-20.29.33:258][  0]LogD3D11RHI: Array index from any shader is supported
[2021.04.13-20.29.33:322][  0]LogD3D11RHI: GPU Timing Frequency: 1000.000000 (Debug: 2 1)
[2021.04.13-20.29.33:795][  0]LogTargetPlatformManager: Display: Loaded TargetPlatform 'AllDesktop'
[2021.04.13-20.29.33:824][  0]LogTargetPlatformManager: Display: Loaded TargetPlatform 'Android'
[2021.04.13-20.29.33:824][  0]LogTargetPlatformManager: Display: Loaded TargetPlatform 'Android_ASTC'
[2021.04.13-20.29.33:824][  0]LogTargetPlatformManager: Display: Loaded TargetPlatform 'Android_DXT'
[2021.04.13-20.29.33:824][  0]LogTargetPlatformManager: Display: Loaded TargetPlatform 'Android_ETC2'
[2021.04.13-20.29.33:824][  0]LogTargetPlatformManager: Display: Loaded TargetPlatform 'AndroidClient'
[2021.04.13-20.29.33:824][  0]LogTargetPlatformManager: Display: Loaded TargetPlatform 'Android_ASTCClient'
[2021.04.13-20.29.33:824][  0]LogTargetPlatformManager: Display: Loaded TargetPlatform 'Android_DXTClient'
[2021.04.13-20.29.33:824][  0]LogTargetPlatformManager: Display: Loaded TargetPlatform 'Android_ETC2Client'
[2021.04.13-20.29.33:824][  0]LogTargetPlatformManager: Display: Loaded TargetPlatform 'Android_Multi'
[2021.04.13-20.29.33:824][  0]LogTargetPlatformManager: Display: Loaded TargetPlatform 'Android_MultiClient'
[2021.04.13-20.29.33:864][  0]LogTargetPlatformManager: Display: Loaded TargetPlatform 'IOSClient'
[2021.04.13-20.29.33:864][  0]LogTargetPlatformManager: Display: Loaded TargetPlatform 'IOS'
[2021.04.13-20.29.33:883][  0]LogTargetPlatformManager: Display: Loaded TargetPlatform 'Linux'
[2021.04.13-20.29.33:898][  0]LogTargetPlatformManager: Display: Loaded TargetPlatform 'LinuxNoEditor'
[2021.04.13-20.29.33:913][  0]LogTargetPlatformManager: Display: Loaded TargetPlatform 'LinuxClient'
[2021.04.13-20.29.33:928][  0]LogTargetPlatformManager: Display: Loaded TargetPlatform 'LinuxServer'
[2021.04.13-20.29.33:943][  0]LogTargetPlatformManager: Display: Loaded TargetPlatform 'LinuxAArch64NoEditor'
[2021.04.13-20.29.33:958][  0]LogTargetPlatformManager: Display: Loaded TargetPlatform 'LinuxAArch64Client'
[2021.04.13-20.29.33:973][  0]LogTargetPlatformManager: Display: Loaded TargetPlatform 'LinuxAArch64Server'
[2021.04.13-20.29.34:011][  0]LogTargetPlatformManager: Display: Loaded TargetPlatform 'Lumin'
[2021.04.13-20.29.34:011][  0]LogTargetPlatformManager: Display: Loaded TargetPlatform 'LuminClient'
[2021.04.13-20.29.34:039][  0]LogTargetPlatformManager: Display: Loaded TargetPlatform 'TVOSClient'
[2021.04.13-20.29.34:039][  0]LogTargetPlatformManager: Display: Loaded TargetPlatform 'TVOS'
[2021.04.13-20.29.34:055][  0]LogTargetPlatformManager: Display: Loaded TargetPlatform 'WindowsNoEditor'
[2021.04.13-20.29.34:074][  0]LogTargetPlatformManager: Display: Loaded TargetPlatform 'Windows'
[2021.04.13-20.29.34:090][  0]LogTargetPlatformManager: Display: Loaded TargetPlatform 'WindowsClient'
[2021.04.13-20.29.34:107][  0]LogTargetPlatformManager: Display: Loaded TargetPlatform 'WindowsServer'
[2021.04.13-20.29.34:107][  0]LogTargetPlatformManager: Display: Building Assets For Windows
[2021.04.13-20.29.34:129][  0]LogAudioDebug: Display: Lib vorbis DLL was dynamically loaded.
[2021.04.13-20.29.34:276][  0]LogShaderCompilers: Guid format shader working directory is -29 characters bigger than the processId version (../../../../../../Users/federico.iribarren/Documents/Unreal Projects/UEPortfolioRPGCave/Intermediate/Shaders/WorkingDirectory/15240/).
[2021.04.13-20.29.34:277][  0]LogShaderCompilers: Cleaned the shader compiler working directory 'C:/Users/federico.iribarren/AppData/Local/Temp/UnrealShaderWorkingDir/8CF42C844E45CDABE67141B417B9BF1D/'.
[2021.04.13-20.29.34:278][  0]LogXGEController: Cleaning working directory: C:/Users/federico.iribarren/AppData/Local/Temp/UnrealXGEWorkingDir/
[2021.04.13-20.29.34:278][  0]LogShaderCompilers: Display: Using XGE Shader Compiler (Interception Interface).
[2021.04.13-20.29.35:279][  0]LogDerivedDataCache: Display: Max Cache Size: 512 MB
[2021.04.13-20.29.35:336][  0]LogDerivedDataCache: Loaded boot cache 0.06s 79MB C:/Users/federico.iribarren/AppData/Local/UnrealEngine/4.25/DerivedDataCache/Boot.ddc.
[2021.04.13-20.29.35:336][  0]LogDerivedDataCache: Display: Loaded Boot cache: C:/Users/federico.iribarren/AppData/Local/UnrealEngine/4.25/DerivedDataCache/Boot.ddc
[2021.04.13-20.29.35:336][  0]LogDerivedDataCache: FDerivedDataBackendGraph:  Pak pak cache file ../../../../../../Users/federico.iribarren/Documents/Unreal Projects/UEPortfolioRPGCave/DerivedDataCache/DDC.ddp not found, will not use a pak cache.
[2021.04.13-20.29.35:336][  0]LogDerivedDataCache: Unable to find inner node Pak for hierarchical cache Hierarchy.
[2021.04.13-20.29.35:337][  0]LogDerivedDataCache: FDerivedDataBackendGraph:  CompressedPak pak cache file ../../../../../../Users/federico.iribarren/Documents/Unreal Projects/UEPortfolioRPGCave/DerivedDataCache/Compressed.ddp not found, will not use a pak cache.
[2021.04.13-20.29.35:337][  0]LogDerivedDataCache: Unable to find inner node CompressedPak for hierarchical cache Hierarchy.
[2021.04.13-20.29.35:349][  0]LogDerivedDataCache: Display: Pak cache opened for reading ../../../Engine/DerivedDataCache/Compressed.ddp.
[2021.04.13-20.29.35:349][  0]LogDerivedDataCache: FDerivedDataBackendGraph:  EnterprisePak pak cache file ../../../Enterprise/DerivedDataCache/Compressed.ddp not found, will not use a pak cache.
[2021.04.13-20.29.35:349][  0]LogDerivedDataCache: Unable to find inner node EnterprisePak for hierarchical cache Hierarchy.
[2021.04.13-20.29.35:351][  0]LogDerivedDataCache: Using Local data cache path C:/Users/federico.iribarren/AppData/Local/UnrealEngine/Common/DerivedDataCache: Writable
[2021.04.13-20.29.35:351][  0]LogDerivedDataCache: Shared data cache path not found in *engine.ini, will not use an Shared cache.
[2021.04.13-20.29.35:351][  0]LogDerivedDataCache: Unable to find inner node Shared for hierarchical cache Hierarchy.
[2021.04.13-20.29.35:400][  0]LogSlate: Using FreeType 2.10.0
[2021.04.13-20.29.35:403][  0]LogSlate: SlateFontServices - WITH_FREETYPE: 1, WITH_HARFBUZZ: 1
[2021.04.13-20.29.35:456][  0]LogAssetRegistry: FAssetRegistry took 0.0034 seconds to start up
[2021.04.13-20.29.35:724][  0]LogInit: Selected Device Profile: [Windows]
[2021.04.13-20.29.35:885][  0]LogMeshReduction: Using QuadricMeshReduction for automatic static mesh reduction
[2021.04.13-20.29.35:885][  0]LogMeshReduction: Using SimplygonMeshReduction for automatic skeletal mesh reduction
[2021.04.13-20.29.35:885][  0]LogMeshReduction: Using ProxyLODMeshReduction for automatic mesh merging
[2021.04.13-20.29.35:885][  0]LogMeshReduction: No distributed automatic mesh merging module available
[2021.04.13-20.29.35:885][  0]LogMeshMerging: No distributed automatic mesh merging module available
[2021.04.13-20.29.35:906][  0]LogNetVersion: UEPortfolioRPGCave 1.0.0, NetCL: 13144385, EngineNetVer: 14, GameNetVer: 0 (Checksum: 3396517011)
[2021.04.13-20.29.36:566][  0]LogAISub: UAISubsystem::UAISubsystem AISubsystem (0000027E69005400), frame # 0
[2021.04.13-20.29.36:566][  0]LogAISub: UAISubsystem::UAISubsystem AIPerceptionSystem (0000027E68F80A40), frame # 0
[2021.04.13-20.29.36:567][  0]LogAISub: UAISubsystem::UAISubsystem EnvQueryManager (0000027E68F9E000), frame # 0
[2021.04.13-20.29.36:655][  0]LogPackageLocalizationCache: Processed 19 localized package path(s) for 1 prioritized culture(s) in 0.081908 seconds
[2021.04.13-20.29.36:660][  0]LogUObjectArray: 15917 objects as part of root set at end of initial load.
[2021.04.13-20.29.36:660][  0]LogUObjectAllocator: 3965568 out of 0 bytes used by permanent object pool.
[2021.04.13-20.29.36:660][  0]LogUObjectArray: CloseDisregardForGC: 0/0 objects in disregard for GC pool
[2021.04.13-20.29.37:398][  0]LogTcpMessaging: Initializing TcpMessaging bridge
[2021.04.13-20.29.37:407][  0]LogUdpMessaging: Initializing bridge on interface 0.0.0.0:0 to multicast group 230.0.0.1:6666.
[2021.04.13-20.29.37:765][  0]SourceControl: Source control is disabled
[2021.04.13-20.29.37:765][  0]SourceControl: Source control is disabled
[2021.04.13-20.29.37:773][  0]SourceControl: Source control is disabled
[2021.04.13-20.29.37:781][  0]SourceControl: Source control is disabled
[2021.04.13-20.29.37:797][  0]SourceControl: Source control is disabled
[2021.04.13-20.29.38:361][  0]LogAndroidPermission: UAndroidPermissionCallbackProxy::GetInstance
[2021.04.13-20.29.38:413][  0]LogAudioCaptureCore: Display: No Audio Capture implementations found. Audio input will be silent.
[2021.04.13-20.29.38:414][  0]LogAudioCaptureCore: Display: No Audio Capture implementations found. Audio input will be silent.
[2021.04.13-20.29.38:516][  0]LogOcInput: OculusInput pre-init called
[2021.04.13-20.29.38:541][  0]LogWindows: Failed to load 'OVRPlugin.dll' (GetLastError=126)
[2021.04.13-20.29.38:542][  0]LogWindows: File 'OVRPlugin.dll' does not exist
[2021.04.13-20.29.38:640][  0]LogEngine: Initializing Engine...
[2021.04.13-20.29.38:641][  0]LogHMD: Failed to initialize OpenVR with code 110
[2021.04.13-20.29.38:641][  0]LogMagicLeap: Warning: VR disabled because ZI is not enabled.  To enable, in the editor, Edit -> Project Settings -> Plugins -> Magic Leap Plugin -> Enable Zero Iteration
[2021.04.13-20.29.38:642][  0]LogStats: UGameplayTagsManager::InitializeManager -  0.000 s
[2021.04.13-20.29.38:799][  0]LogInit: Initializing FReadOnlyCVARCache
[2021.04.13-20.29.38:814][  0]LogAIModule: Creating AISystem for world Untitled
[2021.04.13-20.29.38:814][  0]LogAISub: UAISubsystem::UAISubsystem EnvQueryManager (0000027E6E24BC00), frame # 0
[2021.04.13-20.29.38:814][  0]LogAISub: UAISubsystem::UAISubsystem AIPerceptionSystem (0000027E6E2A9440), frame # 0
[2021.04.13-20.29.38:832][  0]LogAudioMixer: Display: Audio Mixer Platform Settings:
[2021.04.13-20.29.38:832][  0]LogAudioMixer: Display: 	Sample Rate:						  48000
[2021.04.13-20.29.38:832][  0]LogAudioMixer: Display: 	Callback Buffer Frame Size Requested: 1024
[2021.04.13-20.29.38:832][  0]LogAudioMixer: Display: 	Callback Buffer Frame Size To Use:	  1024
[2021.04.13-20.29.38:832][  0]LogAudioMixer: Display: 	Number of buffers to queue:			  2
[2021.04.13-20.29.38:832][  0]LogAudioMixer: Display: 	Max Channels (voices):				  32
[2021.04.13-20.29.38:832][  0]LogAudioMixer: Display: 	Number of Async Source Workers:		  0
[2021.04.13-20.29.38:832][  0]LogAudio: Display: AudioDevice MaxSources: 32
[2021.04.13-20.29.38:832][  0]LogAudio: Display: Using built-in audio occlusion.
[2021.04.13-20.29.38:832][  0]LogAudioMixer: Display: Initializing audio mixer.
[2021.04.13-20.29.38:855][  0]LogAudioMixer: Display: 0: FrontLeft
[2021.04.13-20.29.38:855][  0]LogAudioMixer: Display: 1: FrontRight
[2021.04.13-20.29.38:939][  0]LogAudioMixer: Display: Using Audio Device Speakers (High Definition Audio Device)
[2021.04.13-20.29.38:943][  0]LogAudioMixer: Display: Initializing Sound Submixes...
[2021.04.13-20.29.38:948][  0]LogAudioMixer: Display: Creating Master Submix 'MasterSubmixDefault'
[2021.04.13-20.29.38:948][  0]LogAudioMixer: Display: Creating Master Submix 'MasterReverbSubmixDefault'
[2021.04.13-20.29.38:949][  0]LogAudioMixer: Display: Creating Master Submix 'MasterEQSubmixDefault'
[2021.04.13-20.29.38:950][  0]LogInit: FAudioDevice initialized.
[2021.04.13-20.29.38:950][  0]LogNetVersion: Set ProjectVersion to 1.0.0.0. Version Checksum will be recalculated on next use.
[2021.04.13-20.29.39:047][  0]LogDerivedDataCache: Saved boot cache 0.10s 79MB C:/Users/federico.iribarren/AppData/Local/UnrealEngine/4.25/DerivedDataCache/Boot.ddc.
[2021.04.13-20.29.39:048][  0]LogInit: Texture streaming: Enabled
[2021.04.13-20.29.39:130][  0]LogEngineSessionManager: EngineSessionManager initialized
[2021.04.13-20.29.39:130][  0]LogEditorSessionSummary: Verbose: Initializing EditorSessionSummaryWriter for editor session tracking
[2021.04.13-20.29.39:157][  0]LogEditorSessionSummary: EditorSessionSummaryWriter initialized
[2021.04.13-20.29.39:324][  0]LogInit: Transaction tracking system initialized
[2021.04.13-20.29.39:374][  0]BlueprintLog: New page: Editor Load
[2021.04.13-20.29.39:534][  0]LocalizationService: Localization service is disabled
[2021.04.13-20.29.39:833][  0]LogCook: Display: Max memory allowance for cook 16384mb min free memory 0mb
[2021.04.13-20.29.39:833][  0]LogCook: Display: Mobile HDR setting 1
[2021.04.13-20.29.39:994][  0]LogFileCache: Scanning file cache for directory 'C:/Users/federico.iribarren/Documents/Unreal Projects/UEPortfolioRPGCave/Content/' took 0.02s
[2021.04.13-20.29.40:635][  0]SourceControl: Source control is disabled
[2021.04.13-20.29.40:765][  0]LogSlate: Took 0.000796 seconds to synchronously load lazily loaded font '../../../Engine/Content/Slate/Fonts/Roboto-Regular.ttf' (155K)
[2021.04.13-20.29.44:705][  0]LogSlate: Window 'Restore Packages' being destroyed
[2021.04.13-20.29.44:706][  0]LogWindowsTextInputMethodSystem: Display: IME system now deactivated.
[2021.04.13-20.29.44:725][  0]LogWindowsTextInputMethodSystem: Display: IME system now deactivated.
[2021.04.13-20.29.44:725][  0]LogUnrealEdMisc: Loading editor; pre map load, took 16.984
[2021.04.13-20.29.44:726][  0]Cmd: MAP LOAD FILE="../../../../../../Users/federico.iribarren/Documents/Unreal Projects/UEPortfolioRPGCave/Content/TopDownCPP/Maps/TopDownExampleMap.umap" TEMPLATE=0 SHOWPROGRESS=1 FEATURELEVEL=3
[2021.04.13-20.29.44:728][  0]LightingResults: New page: Lighting Build
[2021.04.13-20.29.44:730][  0]LogWorld: UWorld::CleanupWorld for Untitled, bSessionEnded=true, bCleanupResources=true
[2021.04.13-20.29.44:730][  0]LogSlate: InvalidateAllWidgets triggered.  All widgets were invalidated
[2021.04.13-20.29.44:730][  0]MapCheck: New page: Map Check
[2021.04.13-20.29.44:730][  0]LightingResults: New page: Lighting Build
[2021.04.13-20.29.44:741][  0]LogAISub: UAISubsystem::~UAISubsystem EnvQueryManager (0000027E6E24BC00), frame # 0
[2021.04.13-20.29.44:741][  0]LogAISub: UAISubsystem::~UAISubsystem AIPerceptionSystem (0000027E6E2A9440), frame # 0
[2021.04.13-20.29.44:743][  0]LogUObjectHash: Compacting FUObjectHashTables data took   1.32ms
[2021.04.13-20.29.44:984][  0]LogAIModule: Creating AISystem for world TopDownExampleMap
[2021.04.13-20.29.44:984][  0]LogAISub: UAISubsystem::UAISubsystem EnvQueryManager (0000027E58D8FE00), frame # 0
[2021.04.13-20.29.44:984][  0]LogAISub: UAISubsystem::UAISubsystem AIPerceptionSystem (0000027E6E648400), frame # 0
[2021.04.13-20.29.45:001][  0]LogEditorServer: Finished looking for orphan Actors (0.000 secs)
[2021.04.13-20.29.45:012][  0]LogUObjectHash: Compacting FUObjectHashTables data took   0.73ms
[2021.04.13-20.29.45:013][  0]Cmd: MAP CHECKDEP NOCLEARLOG
[2021.04.13-20.29.45:013][  0]MapCheck: Map check complete: 0 Error(s), 0 Warning(s), took 0.161ms to complete.
[2021.04.13-20.29.45:013][  0]LogFileHelpers: Loading map 'TopDownExampleMap' took 0.287
[2021.04.13-20.29.45:017][  0]LogUnrealEdMisc: Total Editor Startup Time, took 17.276
[2021.04.13-20.29.45:107][  0]LogSlate: Updating window title bar state: overlay mode, drag disabled, window buttons hidden, title bar hidden
[2021.04.13-20.29.45:116][  0]LogSlate: Updating window title bar state: overlay mode, drag disabled, window buttons hidden, title bar hidden
[2021.04.13-20.29.45:123][  0]LogSlate: Updating window title bar state: overlay mode, drag disabled, window buttons hidden, title bar hidden
[2021.04.13-20.29.45:130][  0]LogSlate: Updating window title bar state: overlay mode, drag disabled, window buttons hidden, title bar hidden
[2021.04.13-20.29.45:149][  0]LogCollectionManager: Loaded 0 collections in 0.002094 seconds
[2021.04.13-20.29.45:166][  0]LogFileCache: Scanning file cache for directory 'C:/Users/federico.iribarren/Documents/Unreal Projects/UEPortfolioRPGCave/Saved/Collections/' took 0.00s
[2021.04.13-20.29.45:166][  0]LogFileCache: Scanning file cache for directory 'C:/Users/federico.iribarren/Documents/Unreal Projects/UEPortfolioRPGCave/Content/Developers/federicoiribarren/Collections/' took 0.00s
[2021.04.13-20.29.45:166][  0]LogFileCache: Scanning file cache for directory 'C:/Users/federico.iribarren/Documents/Unreal Projects/UEPortfolioRPGCave/Content/Collections/' took 0.00s
[2021.04.13-20.29.45:166][  0]LogContentBrowser: Native class hierarchy populated in 0.0094 seconds. Added 3434 classes and 823 folders.
[2021.04.13-20.29.45:170][  0]LogContentBrowser: Native class hierarchy updated for 'WidgetCarousel' in 0.0005 seconds. Added 0 classes and 0 folders.
[2021.04.13-20.29.45:308][  0]LogContentBrowser: Native class hierarchy updated for 'AddContentDialog' in 0.0004 seconds. Added 0 classes and 0 folders.
[2021.04.13-20.29.45:312][  0]LogContentBrowser: Native class hierarchy updated for 'SceneOutliner' in 0.0005 seconds. Added 2 classes and 0 folders.
[2021.04.13-20.29.45:435][  0]LogSlate: Took 0.000909 seconds to synchronously load lazily loaded font '../../../Engine/Content/Slate/Fonts/Roboto-Bold.ttf' (160K)
[2021.04.13-20.29.45:441][  0]LogSlate: Took 0.000830 seconds to synchronously load lazily loaded font '../../../Engine/Content/Editor/Slate/Fonts/FontAwesome.ttf' (139K)
[2021.04.13-20.29.45:488][  0]LogRenderer: Reallocating scene render targets to support 1208x700 Format 10 NumSamples 1 (Frame:1).
[2021.04.13-20.29.45:602][  0]LogContentBrowser: Native class hierarchy updated for 'HierarchicalLODOutliner' in 0.0007 seconds. Added 0 classes and 0 folders.
[2021.04.13-20.29.45:602][  0]LogLoad: (Engine Initialization) Total time: 17.86 seconds
[2021.04.13-20.29.45:602][  0]LogLoad: (Engine Initialization) Total Blueprint compile time: 0.00 seconds
[2021.04.13-20.29.45:659][  0]LogContentStreaming: Texture pool size now 1000 MB
[2021.04.13-20.29.45:688][  0]LogSlate: Took 0.000710 seconds to synchronously load lazily loaded font '../../../Engine/Content/Slate/Fonts/Roboto-Light.ttf' (167K)
[2021.04.13-20.29.45:695][  1]LogAssetRegistry: Asset discovery search completed in 10.2404 seconds
[2021.04.13-20.29.45:702][  1]LogCollectionManager: Fixed up redirectors for 0 collections in 0.000003 seconds (updated 0 objects)
[2021.04.13-20.29.46:626][105]LogSlate: Took 0.000650 seconds to synchronously load lazily loaded font '../../../Engine/Content/Slate/Fonts/Roboto-Light.ttf' (167K)
[2021.04.13-20.30.01:626][275]Candidate modules for hot reload:
[2021.04.13-20.30.01:626][275]  UEPortfolioRPGCave
[2021.04.13-20.30.01:626][275]Launching UnrealBuildTool... [C:/Program Files/Epic Games/UE_4.25/Engine/Binaries/DotNET/UnrealBuildTool.exe  -ModuleWithSuffix=UEPortfolioRPGCave,5151 UEPortfolioRPGCaveEditor Win64 Development -Project="C:/Users/federico.iribarren/Documents/Unreal Projects/UEPortfolioRPGCave/UEPortfolioRPGCave.uproject" "C:/Users/federico.iribarren/Documents/Unreal Projects/UEPortfolioRPGCave/UEPortfolioRPGCave.uproject"  -IgnoreJunk]
[2021.04.13-20.30.01:632][275]Warning: Starting HotReload took  0.0s.
[2021.04.13-20.30.07:578][697]LogAssetEditorSubsystem: Opening Asset editor for Blueprint /Game/TopDownCPP/Blueprints/BP_Lever.BP_Lever
[2021.04.13-20.30.08:015][697]LogContentBrowser: Native class hierarchy updated for 'BlueprintGraph' in 0.0007 seconds. Added 125 classes and 0 folders.
[2021.04.13-20.30.09:296][697]LogSlate: Took 0.000818 seconds to synchronously load lazily loaded font '../../../Engine/Content/Slate/Fonts/Roboto-BoldCondensed.ttf' (158K)
[2021.04.13-20.30.09:303][698]CompilerResultsLog: New page: Compilation - Apr 13, 2021, 2:30:09 PM
[2021.04.13-20.30.09:303][698]CompilerResultsLog: Building UEPortfolioRPGCaveEditor...
[2021.04.13-20.30.09:303][698]CompilerResultsLog: Using Visual Studio 2019 14.24.28316 toolchain (C:\Program Files (x86)\Microsoft Visual Studio\2019\Community\VC\Tools\MSVC\14.24.28314) and Windows 10.0.18362.0 SDK (C:\Program Files (x86)\Windows Kits\10).
[2021.04.13-20.30.09:303][698]CompilerResultsLog: Distributing 4 actions to XGE
[2021.04.13-20.30.09:303][698]CompilerResultsLog: --------------------Build System Warning---------------------------------------
[2021.04.13-20.30.09:303][698]CompilerResultsLog: Temporary license has expired:
[2021.04.13-20.30.09:303][698]CompilerResultsLog:     Your Agent's temporary license has expired. IncrediBuild will allow you to utilize up to 8 cores on your local machine.
[2021.04.13-20.30.09:303][698]CompilerResultsLog:      To unleash IncrediBuild's capabilities to utilize idle cores in your network in order to achieve increased performance, please contact sales@incredibuild.com
[2021.04.13-20.30.09:304][698]CompilerResultsLog: 
[2021.04.13-20.30.09:304][698]CompilerResultsLog: -------------------------------------------------------------------------------
[2021.04.13-20.30.09:304][698]CompilerResultsLog: --------------------Project: Default-------------------------------------------
[2021.04.13-20.30.09:304][698]CompilerResultsLog: Lever.cpp (0:02.17 at +0:00)
[2021.04.13-20.30.09:304][698]CompilerResultsLog: UE4Editor-UEPortfolioRPGCave-5151.lib (0:00.54 at +0:02)
[2021.04.13-20.30.09:304][698]CompilerResultsLog:    Creating library C:\Users\federico.iribarren\Documents\Unreal Projects\UEPortfolioRPGCave\Intermediate\Build\Win64\UE4Editor\Development\UEPortfolioRPGCave\UE4Editor-UEPortfolioRPGCave-5151.lib and object C:\Users\federico.iribarren\Documents\Unreal Projects\UEPortfolioRPGCave\Intermediate\Build\Win64\UE4Editor\Development\UEPortfolioRPGCave\UE4Editor-UEPortfolioRPGCave-5151.exp
[2021.04.13-20.30.09:304][698]CompilerResultsLog: UE4Editor-UEPortfolioRPGCave-5151.dll (0:02.28 at +0:02)
[2021.04.13-20.30.09:304][698]CompilerResultsLog:    Creating library C:\Users\federico.iribarren\Documents\Unreal Projects\UEPortfolioRPGCave\Intermediate\Build\Win64\UE4Editor\Development\UEPortfolioRPGCave\UE4Editor-UEPortfolioRPGCave-5151.suppressed.lib and object C:\Users\federico.iribarren\Documents\Unreal Projects\UEPortfolioRPGCave\Intermediate\Build\Win64\UE4Editor\Development\UEPortfolioRPGCave\UE4Editor-UEPortfolioRPGCave-5151.suppressed.exp
[2021.04.13-20.30.09:304][698]CompilerResultsLog: UEPortfolioRPGCaveEditor.target (0:00.43 at +0:04)
[2021.04.13-20.30.09:304][698]CompilerResultsLog: ---------------------- Done ----------------------
[2021.04.13-20.30.09:304][698]CompilerResultsLog: 
[2021.04.13-20.30.09:304][698]CompilerResultsLog:     Rebuild All: 1 succeeded, 0 failed, 0 skipped
[2021.04.13-20.30.09:304][698]CompilerResultsLog: 
[2021.04.13-20.30.09:304][698]CompilerResultsLog: 1 build system warning(s):
[2021.04.13-20.30.09:304][698]CompilerResultsLog:    - Temporary license has expired
[2021.04.13-20.30.09:304][698]CompilerResultsLog: 
[2021.04.13-20.30.09:304][698]CompilerResultsLog: Total time in XGE executor: 5.25 seconds
[2021.04.13-20.30.09:304][698]CompilerResultsLog: Total execution time: 6.40 seconds
[2021.04.13-20.30.09:304][698]LogMainFrame: MainFrame: Module compiling took 7.681 seconds
[2021.04.13-20.30.15:675][698]LogContentBrowser: Native class hierarchy updated for 'UEPortfolioRPGCave' in 0.0005 seconds. Added 7 classes and 2 folders.
[2021.04.13-20.30.15:678][698]Display: HotReload successful (0 functions remapped  0 scriptstructs remapped)
[2021.04.13-20.30.15:755][698]LogContentBrowser: Native class hierarchy populated in 0.0081 seconds. Added 3434 classes and 823 folders.
[2021.04.13-20.30.15:755][698]Display: HotReload took 14.2s.
[2021.04.13-20.30.17:456][802]LogSlate: Took 0.000771 seconds to synchronously load lazily loaded font '../../../Engine/Content/Slate/Fonts/Roboto-Italic.ttf' (157K)
[2021.04.13-20.30.18:299][879]LogRenderer: Reallocating scene render targets to support 1208x780 Format 10 NumSamples 1 (Frame:1).
[2021.04.13-20.30.20:601][ 73]BlueprintLog: New page: Compile BP_Lever
[2021.04.13-20.30.20:662][ 73]LogUObjectHash: Compacting FUObjectHashTables data took   3.19ms
[2021.04.13-20.30.20:717][ 73]LogSlate: Took 0.000654 seconds to synchronously load lazily loaded font '../../../Engine/Content/Slate/Fonts/DroidSansMono.ttf' (77K)
[2021.04.13-20.30.21:065][104]LogSavePackage: Moving '../../../../../../Users/federico.iribarren/Documents/Unreal Projects/UEPortfolioRPGCave/Saved/BP_LeverE3465D884D993CAFDC58898CBCFA11CA.tmp' to '../../../../../../Users/federico.iribarren/Documents/Unreal Projects/UEPortfolioRPGCave/Content/TopDownCPP/Blueprints/BP_Lever.uasset'
[2021.04.13-20.30.21:086][104]AssetCheck: New page: Asset Save: BP_Lever
[2021.04.13-20.30.21:086][104]LogContentValidation: Display: Validating Blueprint /Game/TopDownCPP/Blueprints/BP_Lever.BP_Lever
[2021.04.13-20.30.24:338][457]LogTemp: Repeating last play command: Selected Viewport
[2021.04.13-20.30.24:359][457]LogPlayLevel: PlayLevel: No blueprints needed recompiling
[2021.04.13-20.30.24:360][457]PIE: New page: PIE session: TopDownExampleMap (Apr 13, 2021, 2:30:24 PM)
[2021.04.13-20.30.24:361][457]LogOnline: OSS: Creating online subsystem instance for: NULL
[2021.04.13-20.30.24:362][457]LogOnline: OSS: TryLoadSubsystemAndSetDefault: Loaded subsystem for module [NULL]
[2021.04.13-20.30.24:362][457]LogPlayLevel: Creating play world package: /Game/TopDownCPP/Maps/UEDPIE_0_TopDownExampleMap
[2021.04.13-20.30.24:379][457]LogPlayLevel: PIE: StaticDuplicateObject took: (0.017119s)
[2021.04.13-20.30.24:380][457]LogAIModule: Creating AISystem for world TopDownExampleMap
[2021.04.13-20.30.24:380][457]LogAISub: UAISubsystem::UAISubsystem EnvQueryManager (0000027EAADFBE00), frame # 1457
[2021.04.13-20.30.24:380][457]LogAISub: UAISubsystem::UAISubsystem AIPerceptionSystem (0000027EAAE12D40), frame # 1457
[2021.04.13-20.30.24:380][457]LogPlayLevel: PIE: World Init took: (0.001047s)
[2021.04.13-20.30.24:380][457]LogPlayLevel: PIE: Created PIE world by copying editor world from /Game/TopDownCPP/Maps/TopDownExampleMap.TopDownExampleMap to /Game/TopDownCPP/Maps/UEDPIE_0_TopDownExampleMap.TopDownExampleMap (0.018298s)
[2021.04.13-20.30.24:406][457]LogUObjectHash: Compacting FUObjectHashTables data took   2.69ms
[2021.04.13-20.30.24:408][457]LogAudioMixer: Display: Audio Mixer Platform Settings:
[2021.04.13-20.30.24:408][457]LogAudioMixer: Display: 	Sample Rate:						  48000
[2021.04.13-20.30.24:408][457]LogAudioMixer: Display: 	Callback Buffer Frame Size Requested: 1024
[2021.04.13-20.30.24:408][457]LogAudioMixer: Display: 	Callback Buffer Frame Size To Use:	  1024
[2021.04.13-20.30.24:408][457]LogAudioMixer: Display: 	Number of buffers to queue:			  2
[2021.04.13-20.30.24:408][457]LogAudioMixer: Display: 	Max Channels (voices):				  32
[2021.04.13-20.30.24:408][457]LogAudioMixer: Display: 	Number of Async Source Workers:		  0
[2021.04.13-20.30.24:408][457]LogAudio: Display: AudioDevice MaxSources: 32
[2021.04.13-20.30.24:409][457]LogAudio: Display: Using built-in audio occlusion.
[2021.04.13-20.30.24:409][457]LogAudioMixer: Display: Initializing audio mixer.
[2021.04.13-20.30.24:416][457]LogAudioMixer: Display: 0: FrontLeft
[2021.04.13-20.30.24:416][457]LogAudioMixer: Display: 1: FrontRight
[2021.04.13-20.30.24:446][457]LogAudioMixer: Display: Using Audio Device Speakers (High Definition Audio Device)
[2021.04.13-20.30.24:446][457]LogAudioMixer: Display: Initializing Sound Submixes...
[2021.04.13-20.30.24:446][457]LogAudioMixer: Display: Creating Master Submix 'MasterSubmixDefault'
[2021.04.13-20.30.24:446][457]LogAudioMixer: Display: Creating Master Submix 'MasterReverbSubmixDefault'
[2021.04.13-20.30.24:446][457]LogAudioMixer: Display: Creating Master Submix 'MasterEQSubmixDefault'
[2021.04.13-20.30.24:458][457]LogInit: FAudioDevice initialized.
[2021.04.13-20.30.24:464][457]LogLoad: Game class is 'UEPortfolioRPGCaveGameMode'
[2021.04.13-20.30.24:467][457]LogWorld: Bringing World /Game/TopDownCPP/Maps/UEDPIE_0_TopDownExampleMap.TopDownExampleMap up for play (max tick rate 0) at 2021.04.13-17.30.24
[2021.04.13-20.30.24:467][457]LogWorld: Bringing up level for play took: 0.001603
[2021.04.13-20.30.24:467][457]LogOnline: OSS: Creating online subsystem instance for: :Context_8
[2021.04.13-20.30.24:577][457]LogContentBrowser: Native class hierarchy updated for 'MovieSceneCapture' in 0.0006 seconds. Added 20 classes and 0 folders.
[2021.04.13-20.30.24:579][457]PIE: Server logged in
[2021.04.13-20.30.24:581][457]PIE: Play in editor total start time 0.232 seconds.
[2021.04.13-20.30.27:715][781]LogSlate: Updating window title bar state: overlay mode, drag disabled, window buttons hidden, title bar hidden
[2021.04.13-20.30.27:715][781]LogWorld: BeginTearingDown for /Game/TopDownCPP/Maps/UEDPIE_0_TopDownExampleMap
[2021.04.13-20.30.27:716][781]LogWorld: UWorld::CleanupWorld for TopDownExampleMap, bSessionEnded=true, bCleanupResources=true
[2021.04.13-20.30.27:716][781]LogSlate: InvalidateAllWidgets triggered.  All widgets were invalidated
[2021.04.13-20.30.27:724][781]LogPlayLevel: Display: Shutting down PIE online subsystems
[2021.04.13-20.30.27:728][781]LogSlate: InvalidateAllWidgets triggered.  All widgets were invalidated
[2021.04.13-20.30.27:768][781]LogSlate: Updating window title bar state: overlay mode, drag disabled, window buttons hidden, title bar hidden
[2021.04.13-20.30.27:776][781]LogAISub: UAISubsystem::~UAISubsystem AIPerceptionSystem (0000027EAAE12D40), frame # 1781
[2021.04.13-20.30.27:776][781]LogAISub: UAISubsystem::~UAISubsystem EnvQueryManager (0000027EAADFBE00), frame # 1781
[2021.04.13-20.30.27:803][781]LogUObjectHash: Compacting FUObjectHashTables data took   2.94ms
[2021.04.13-20.30.27:821][782]LogPlayLevel: Display: Destroying online subsystem :Context_8
[2021.04.13-20.30.28:347][844]LogEditorViewport: Clicking on Actor (LMB): BP_Lever_C (BP_Lever)
[2021.04.13-20.30.31:528][204]Cmd: TRANSACTION UNDO
[2021.04.13-20.30.31:528][204]LogEditorTransaction: Undo Set Rotation
[2021.04.13-20.30.54:084][614]Candidate modules for hot reload:
[2021.04.13-20.30.54:084][614]  UEPortfolioRPGCave
[2021.04.13-20.30.54:084][614]Launching UnrealBuildTool... [C:/Program Files/Epic Games/UE_4.25/Engine/Binaries/DotNET/UnrealBuildTool.exe  -ModuleWithSuffix=UEPortfolioRPGCave,255 UEPortfolioRPGCaveEditor Win64 Development -Project="C:/Users/federico.iribarren/Documents/Unreal Projects/UEPortfolioRPGCave/UEPortfolioRPGCave.uproject" "C:/Users/federico.iribarren/Documents/Unreal Projects/UEPortfolioRPGCave/UEPortfolioRPGCave.uproject"  -IgnoreJunk]
[2021.04.13-20.30.54:088][614]Warning: Starting HotReload took  0.0s.
[2021.04.13-20.31.01:759][412]CompilerResultsLog: New page: Compilation - Apr 13, 2021, 2:31:01 PM
[2021.04.13-20.31.01:760][412]CompilerResultsLog: Building UEPortfolioRPGCaveEditor...
[2021.04.13-20.31.01:760][412]CompilerResultsLog: Using Visual Studio 2019 14.24.28316 toolchain (C:\Program Files (x86)\Microsoft Visual Studio\2019\Community\VC\Tools\MSVC\14.24.28314) and Windows 10.0.18362.0 SDK (C:\Program Files (x86)\Windows Kits\10).
[2021.04.13-20.31.01:760][412]CompilerResultsLog: Distributing 4 actions to XGE
[2021.04.13-20.31.01:760][412]CompilerResultsLog: --------------------Build System Warning---------------------------------------
[2021.04.13-20.31.01:760][412]CompilerResultsLog: Temporary license has expired:
[2021.04.13-20.31.01:760][412]CompilerResultsLog:     Your Agent's temporary license has expired. IncrediBuild will allow you to utilize up to 8 cores on your local machine.
[2021.04.13-20.31.01:760][412]CompilerResultsLog:      To unleash IncrediBuild's capabilities to utilize idle cores in your network in order to achieve increased performance, please contact sales@incredibuild.com
[2021.04.13-20.31.01:760][412]CompilerResultsLog: 
[2021.04.13-20.31.01:760][412]CompilerResultsLog: -------------------------------------------------------------------------------
[2021.04.13-20.31.01:760][412]CompilerResultsLog: --------------------Project: Default-------------------------------------------
[2021.04.13-20.31.01:760][412]CompilerResultsLog: Lever.cpp (0:02.64 at +0:00)
[2021.04.13-20.31.01:760][412]CompilerResultsLog: UE4Editor-UEPortfolioRPGCave-0255.lib (0:00.54 at +0:02)
[2021.04.13-20.31.01:760][412]CompilerResultsLog:    Creating library C:\Users\federico.iribarren\Documents\Unreal Projects\UEPortfolioRPGCave\Intermediate\Build\Win64\UE4Editor\Development\UEPortfolioRPGCave\UE4Editor-UEPortfolioRPGCave-0255.lib and object C:\Users\federico.iribarren\Documents\Unreal Projects\UEPortfolioRPGCave\Intermediate\Build\Win64\UE4Editor\Development\UEPortfolioRPGCave\UE4Editor-UEPortfolioRPGCave-0255.exp
[2021.04.13-20.31.01:760][412]CompilerResultsLog: UE4Editor-UEPortfolioRPGCave-0255.dll (0:02.40 at +0:02)
[2021.04.13-20.31.01:760][412]CompilerResultsLog:    Creating library C:\Users\federico.iribarren\Documents\Unreal Projects\UEPortfolioRPGCave\Intermediate\Build\Win64\UE4Editor\Development\UEPortfolioRPGCave\UE4Editor-UEPortfolioRPGCave-0255.suppressed.lib and object C:\Users\federico.iribarren\Documents\Unreal Projects\UEPortfolioRPGCave\Intermediate\Build\Win64\UE4Editor\Development\UEPortfolioRPGCave\UE4Editor-UEPortfolioRPGCave-0255.suppressed.exp
[2021.04.13-20.31.01:760][412]CompilerResultsLog: UEPortfolioRPGCaveEditor.target (0:00.56 at +0:05)
[2021.04.13-20.31.01:760][412]CompilerResultsLog: ---------------------- Done ----------------------
[2021.04.13-20.31.01:760][412]CompilerResultsLog: 
[2021.04.13-20.31.01:760][412]CompilerResultsLog:     Rebuild All: 1 succeeded, 0 failed, 0 skipped
[2021.04.13-20.31.01:760][412]CompilerResultsLog: 
[2021.04.13-20.31.01:760][412]CompilerResultsLog: 1 build system warning(s):
[2021.04.13-20.31.01:760][412]CompilerResultsLog:    - Temporary license has expired
[2021.04.13-20.31.01:761][412]CompilerResultsLog: 
[2021.04.13-20.31.01:761][412]CompilerResultsLog: Total time in XGE executor: 6.00 seconds
[2021.04.13-20.31.01:761][412]CompilerResultsLog: Total execution time: 7.47 seconds
[2021.04.13-20.31.01:761][412]LogMainFrame: MainFrame: Module compiling took 7.681 seconds
[2021.04.13-20.31.01:786][412]LogContentBrowser: Native class hierarchy populated in 0.0135 seconds. Added 3434 classes and 823 folders.
[2021.04.13-20.31.01:786][412]Display: HotReload took  7.7s.
[2021.04.13-20.31.04:527][672]LogTemp: Repeating last play command: Selected Viewport
[2021.04.13-20.31.04:547][672]LogPlayLevel: PlayLevel: No blueprints needed recompiling
[2021.04.13-20.31.04:547][672]PIE: New page: PIE session: TopDownExampleMap (Apr 13, 2021, 2:31:04 PM)
[2021.04.13-20.31.04:547][672]LogPlayLevel: Creating play world package: /Game/TopDownCPP/Maps/UEDPIE_0_TopDownExampleMap
[2021.04.13-20.31.04:563][672]LogPlayLevel: PIE: StaticDuplicateObject took: (0.016387s)
[2021.04.13-20.31.04:566][672]LogAIModule: Creating AISystem for world TopDownExampleMap
[2021.04.13-20.31.04:566][672]LogAISub: UAISubsystem::UAISubsystem EnvQueryManager (0000027EA847BC00), frame # 3672
[2021.04.13-20.31.04:566][672]LogAISub: UAISubsystem::UAISubsystem AIPerceptionSystem (0000027EB97D6340), frame # 3672
[2021.04.13-20.31.04:566][672]LogPlayLevel: PIE: World Init took: (0.002644s)
[2021.04.13-20.31.04:566][672]LogPlayLevel: PIE: Created PIE world by copying editor world from /Game/TopDownCPP/Maps/TopDownExampleMap.TopDownExampleMap to /Game/TopDownCPP/Maps/UEDPIE_0_TopDownExampleMap.TopDownExampleMap (0.019260s)
[2021.04.13-20.31.04:674][672]LogUObjectHash: Compacting FUObjectHashTables data took   4.05ms
[2021.04.13-20.31.04:675][672]LogAudioMixer: Display: Audio Mixer Platform Settings:
[2021.04.13-20.31.04:675][672]LogAudioMixer: Display: 	Sample Rate:						  48000
[2021.04.13-20.31.04:675][672]LogAudioMixer: Display: 	Callback Buffer Frame Size Requested: 1024
[2021.04.13-20.31.04:675][672]LogAudioMixer: Display: 	Callback Buffer Frame Size To Use:	  1024
[2021.04.13-20.31.04:675][672]LogAudioMixer: Display: 	Number of buffers to queue:			  2
[2021.04.13-20.31.04:675][672]LogAudioMixer: Display: 	Max Channels (voices):				  32
[2021.04.13-20.31.04:675][672]LogAudioMixer: Display: 	Number of Async Source Workers:		  0
[2021.04.13-20.31.04:675][672]LogAudio: Display: AudioDevice MaxSources: 32
[2021.04.13-20.31.04:676][672]LogAudio: Display: Using built-in audio occlusion.
[2021.04.13-20.31.04:676][672]LogAudioMixer: Display: Initializing audio mixer.
[2021.04.13-20.31.04:684][672]LogAudioMixer: Display: 0: FrontLeft
[2021.04.13-20.31.04:684][672]LogAudioMixer: Display: 1: FrontRight
[2021.04.13-20.31.04:721][672]LogAudioMixer: Display: Using Audio Device Speakers (High Definition Audio Device)
[2021.04.13-20.31.04:721][672]LogAudioMixer: Display: Initializing Sound Submixes...
[2021.04.13-20.31.04:721][672]LogAudioMixer: Display: Creating Master Submix 'MasterSubmixDefault'
[2021.04.13-20.31.04:721][672]LogAudioMixer: Display: Creating Master Submix 'MasterReverbSubmixDefault'
[2021.04.13-20.31.04:723][672]LogAudioMixer: Display: Creating Master Submix 'MasterEQSubmixDefault'
[2021.04.13-20.31.04:731][672]LogInit: FAudioDevice initialized.
[2021.04.13-20.31.04:743][672]LogLoad: Game class is 'UEPortfolioRPGCaveGameMode'
[2021.04.13-20.31.04:746][672]LogWorld: Bringing World /Game/TopDownCPP/Maps/UEDPIE_0_TopDownExampleMap.TopDownExampleMap up for play (max tick rate 0) at 2021.04.13-17.31.04
[2021.04.13-20.31.04:746][672]LogWorld: Bringing up level for play took: 0.001999
[2021.04.13-20.31.04:746][672]LogOnline: OSS: Creating online subsystem instance for: :Context_9
[2021.04.13-20.31.04:750][672]PIE: Server logged in
[2021.04.13-20.31.04:751][672]PIE: Play in editor total start time 0.214 seconds.
[2021.04.13-20.31.08:684][120]LogSlate: Updating window title bar state: overlay mode, drag disabled, window buttons hidden, title bar hidden
[2021.04.13-20.31.08:684][120]LogWorld: BeginTearingDown for /Game/TopDownCPP/Maps/UEDPIE_0_TopDownExampleMap
[2021.04.13-20.31.08:685][120]LogWorld: UWorld::CleanupWorld for TopDownExampleMap, bSessionEnded=true, bCleanupResources=true
[2021.04.13-20.31.08:685][120]LogSlate: InvalidateAllWidgets triggered.  All widgets were invalidated
[2021.04.13-20.31.08:694][120]LogPlayLevel: Display: Shutting down PIE online subsystems
[2021.04.13-20.31.08:697][120]LogSlate: InvalidateAllWidgets triggered.  All widgets were invalidated
[2021.04.13-20.31.08:733][120]LogSlate: Updating window title bar state: overlay mode, drag disabled, window buttons hidden, title bar hidden
[2021.04.13-20.31.08:742][120]LogAISub: UAISubsystem::~UAISubsystem EnvQueryManager (0000027EA847BC00), frame # 4120
[2021.04.13-20.31.08:742][120]LogAISub: UAISubsystem::~UAISubsystem AIPerceptionSystem (0000027EB97D6340), frame # 4120
[2021.04.13-20.31.08:754][120]LogUObjectHash: Compacting FUObjectHashTables data took   3.09ms
[2021.04.13-20.31.08:778][121]LogPlayLevel: Display: Destroying online subsystem :Context_9
[2021.04.13-20.31.24:611][219]LogHotReload: New module detected: UE4Editor-UEPortfolioRPGCave-0044.dll
[2021.04.13-20.31.26:659][243]LogHotReload: Starting Hot-Reload from IDE
[2021.04.13-20.31.27:277][243]LogContentBrowser: Native class hierarchy updated for 'UEPortfolioRPGCave' in 0.0004 seconds. Added 7 classes and 2 folders.
[2021.04.13-20.31.27:281][243]Display: HotReload successful (0 functions remapped  0 scriptstructs remapped)
[2021.04.13-20.31.27:366][243]LogContentBrowser: Native class hierarchy populated in 0.0114 seconds. Added 3434 classes and 823 folders.
[2021.04.13-20.31.27:369][243]Display: HotReload took  0.7s.
[2021.04.13-20.33.10:409][624]Candidate modules for hot reload:
[2021.04.13-20.33.10:409][624]  UEPortfolioRPGCave
[2021.04.13-20.33.10:410][624]Launching UnrealBuildTool... [C:/Program Files/Epic Games/UE_4.25/Engine/Binaries/DotNET/UnrealBuildTool.exe  -ModuleWithSuffix=UEPortfolioRPGCave,4710 UEPortfolioRPGCaveEditor Win64 Development -Project="C:/Users/federico.iribarren/Documents/Unreal Projects/UEPortfolioRPGCave/UEPortfolioRPGCave.uproject" "C:/Users/federico.iribarren/Documents/Unreal Projects/UEPortfolioRPGCave/UEPortfolioRPGCave.uproject"  -IgnoreJunk]
[2021.04.13-20.33.10:414][624]Warning: Starting HotReload took  0.0s.
[2021.04.13-20.33.14:688][ 75]CompilerResultsLog: New page: Compilation - Apr 13, 2021, 2:33:14 PM
[2021.04.13-20.33.14:688][ 75]CompilerResultsLog: Building UEPortfolioRPGCaveEditor...
[2021.04.13-20.33.14:688][ 75]CompilerResultsLog: Using Visual Studio 2019 14.24.28316 toolchain (C:\Program Files (x86)\Microsoft Visual Studio\2019\Community\VC\Tools\MSVC\14.24.28314) and Windows 10.0.18362.0 SDK (C:\Program Files (x86)\Windows Kits\10).
[2021.04.13-20.33.14:688][ 75]CompilerResultsLog: Distributing 3 actions to XGE
[2021.04.13-20.33.14:688][ 75]CompilerResultsLog: --------------------Build System Warning---------------------------------------
[2021.04.13-20.33.14:688][ 75]CompilerResultsLog: Temporary license has expired:
[2021.04.13-20.33.14:688][ 75]CompilerResultsLog:     Your Agent's temporary license has expired. IncrediBuild will allow you to utilize up to 8 cores on your local machine.
[2021.04.13-20.33.14:688][ 75]CompilerResultsLog:      To unleash IncrediBuild's capabilities to utilize idle cores in your network in order to achieve increased performance, please contact sales@incredibuild.com
[2021.04.13-20.33.14:688][ 75]CompilerResultsLog: 
[2021.04.13-20.33.14:688][ 75]CompilerResultsLog: -------------------------------------------------------------------------------
[2021.04.13-20.33.14:688][ 75]CompilerResultsLog: --------------------Project: Default-------------------------------------------
[2021.04.13-20.33.14:688][ 75]CompilerResultsLog: UE4Editor-UEPortfolioRPGCave-4710.lib (0:00.45 at +0:00)
[2021.04.13-20.33.14:688][ 75]CompilerResultsLog:    Creating library C:\Users\federico.iribarren\Documents\Unreal Projects\UEPortfolioRPGCave\Intermediate\Build\Win64\UE4Editor\Development\UEPortfolioRPGCave\UE4Editor-UEPortfolioRPGCave-4710.lib and object C:\Users\federico.iribarren\Documents\Unreal Projects\UEPortfolioRPGCave\Intermediate\Build\Win64\UE4Editor\Development\UEPortfolioRPGCave\UE4Editor-UEPortfolioRPGCave-4710.exp
[2021.04.13-20.33.14:688][ 75]CompilerResultsLog: UE4Editor-UEPortfolioRPGCave-4710.dll (0:02.21 at +0:00)
[2021.04.13-20.33.14:688][ 75]CompilerResultsLog:    Creating library C:\Users\federico.iribarren\Documents\Unreal Projects\UEPortfolioRPGCave\Intermediate\Build\Win64\UE4Editor\Development\UEPortfolioRPGCave\UE4Editor-UEPortfolioRPGCave-4710.suppressed.lib and object C:\Users\federico.iribarren\Documents\Unreal Projects\UEPortfolioRPGCave\Intermediate\Build\Win64\UE4Editor\Development\UEPortfolioRPGCave\UE4Editor-UEPortfolioRPGCave-4710.suppressed.exp
[2021.04.13-20.33.14:688][ 75]CompilerResultsLog: UEPortfolioRPGCaveEditor.target (0:00.42 at +0:02)
[2021.04.13-20.33.14:688][ 75]CompilerResultsLog: ---------------------- Done ----------------------
[2021.04.13-20.33.14:688][ 75]CompilerResultsLog: 
[2021.04.13-20.33.14:688][ 75]CompilerResultsLog:     Rebuild All: 1 succeeded, 0 failed, 0 skipped
[2021.04.13-20.33.14:688][ 75]CompilerResultsLog: 
[2021.04.13-20.33.14:688][ 75]CompilerResultsLog: 1 build system warning(s):
[2021.04.13-20.33.14:688][ 75]CompilerResultsLog:    - Temporary license has expired
[2021.04.13-20.33.14:688][ 75]CompilerResultsLog: 
[2021.04.13-20.33.14:688][ 75]CompilerResultsLog: Total time in XGE executor: 3.01 seconds
[2021.04.13-20.33.14:688][ 75]CompilerResultsLog: Total execution time: 4.10 seconds
[2021.04.13-20.33.14:688][ 75]LogMainFrame: MainFrame: Module compiling took 4.282 seconds
[2021.04.13-20.33.16:206][ 75]LogContentBrowser: Native class hierarchy updated for 'UEPortfolioRPGCave' in 0.0005 seconds. Added 7 classes and 2 folders.
[2021.04.13-20.33.16:210][ 75]Display: HotReload successful (0 functions remapped  0 scriptstructs remapped)
[2021.04.13-20.33.16:311][ 75]LogContentBrowser: Native class hierarchy populated in 0.0082 seconds. Added 3434 classes and 823 folders.
[2021.04.13-20.33.16:311][ 75]Display: HotReload took  5.9s.
[2021.04.13-20.33.17:951][217]LogTemp: Repeating last play command: Selected Viewport
[2021.04.13-20.33.17:970][217]LogPlayLevel: PlayLevel: No blueprints needed recompiling
[2021.04.13-20.33.17:970][217]PIE: New page: PIE session: TopDownExampleMap (Apr 13, 2021, 2:33:17 PM)
[2021.04.13-20.33.17:970][217]LogPlayLevel: Creating play world package: /Game/TopDownCPP/Maps/UEDPIE_0_TopDownExampleMap
[2021.04.13-20.33.17:992][217]LogPlayLevel: PIE: StaticDuplicateObject took: (0.023320s)
[2021.04.13-20.33.17:993][217]LogAIModule: Creating AISystem for world TopDownExampleMap
[2021.04.13-20.33.17:994][217]LogAISub: UAISubsystem::UAISubsystem EnvQueryManager (0000027E950BC400), frame # 5217
[2021.04.13-20.33.17:994][217]LogAISub: UAISubsystem::UAISubsystem AIPerceptionSystem (0000027E95101E40), frame # 5217
[2021.04.13-20.33.17:994][217]LogPlayLevel: PIE: World Init took: (0.001310s)
[2021.04.13-20.33.17:994][217]LogPlayLevel: PIE: Created PIE world by copying editor world from /Game/TopDownCPP/Maps/TopDownExampleMap.TopDownExampleMap to /Game/TopDownCPP/Maps/UEDPIE_0_TopDownExampleMap.TopDownExampleMap (0.024851s)
[2021.04.13-20.33.18:088][217]LogUObjectHash: Compacting FUObjectHashTables data took   3.81ms
[2021.04.13-20.33.18:091][217]LogAudioMixer: Display: Audio Mixer Platform Settings:
[2021.04.13-20.33.18:091][217]LogAudioMixer: Display: 	Sample Rate:						  48000
[2021.04.13-20.33.18:091][217]LogAudioMixer: Display: 	Callback Buffer Frame Size Requested: 1024
[2021.04.13-20.33.18:091][217]LogAudioMixer: Display: 	Callback Buffer Frame Size To Use:	  1024
[2021.04.13-20.33.18:091][217]LogAudioMixer: Display: 	Number of buffers to queue:			  2
[2021.04.13-20.33.18:091][217]LogAudioMixer: Display: 	Max Channels (voices):				  32
[2021.04.13-20.33.18:091][217]LogAudioMixer: Display: 	Number of Async Source Workers:		  0
[2021.04.13-20.33.18:091][217]LogAudio: Display: AudioDevice MaxSources: 32
[2021.04.13-20.33.18:091][217]LogAudio: Display: Using built-in audio occlusion.
[2021.04.13-20.33.18:091][217]LogAudioMixer: Display: Initializing audio mixer.
[2021.04.13-20.33.18:097][217]LogAudioMixer: Display: 0: FrontLeft
[2021.04.13-20.33.18:097][217]LogAudioMixer: Display: 1: FrontRight
[2021.04.13-20.33.18:126][217]LogAudioMixer: Display: Using Audio Device Speakers (High Definition Audio Device)
[2021.04.13-20.33.18:126][217]LogAudioMixer: Display: Initializing Sound Submixes...
[2021.04.13-20.33.18:126][217]LogAudioMixer: Display: Creating Master Submix 'MasterSubmixDefault'
[2021.04.13-20.33.18:126][217]LogAudioMixer: Display: Creating Master Submix 'MasterReverbSubmixDefault'
[2021.04.13-20.33.18:127][217]LogAudioMixer: Display: Creating Master Submix 'MasterEQSubmixDefault'
[2021.04.13-20.33.18:137][217]LogInit: FAudioDevice initialized.
[2021.04.13-20.33.18:145][217]LogLoad: Game class is 'UEPortfolioRPGCaveGameMode'
[2021.04.13-20.33.18:147][217]LogWorld: Bringing World /Game/TopDownCPP/Maps/UEDPIE_0_TopDownExampleMap.TopDownExampleMap up for play (max tick rate 0) at 2021.04.13-17.33.18
[2021.04.13-20.33.18:148][217]LogWorld: Bringing up level for play took: 0.001687
[2021.04.13-20.33.18:148][217]LogOnline: OSS: Creating online subsystem instance for: :Context_10
[2021.04.13-20.33.18:151][217]LogOutputDevice: Warning: 

Script Stack (0 frames):

[2021.04.13-20.33.18:152][217]LogWindows: Windows GetLastError: The operation completed successfully. (0)
[2021.04.13-20.33.28:586][217]LogWindows: Error: === Critical error: ===
[2021.04.13-20.33.28:586][217]LogWindows: Error: 
[2021.04.13-20.33.28:586][217]LogWindows: Error: Assertion failed: (Index >= 0) & (Index < ArrayNum) [File:C:\Program Files\Epic Games\UE_4.25\Engine\Source\Runtime\Core\Public\Containers/Array.h] [Line: 674] 
[2021.04.13-20.33.28:586][217]LogWindows: Error: Array index out of bounds: 2 from an array of size 2
[2021.04.13-20.33.28:586][217]LogWindows: Error: 
[2021.04.13-20.33.28:586][217]LogWindows: Error: 
[2021.04.13-20.33.28:586][217]LogWindows: Error: [Callstack] 0x00007ff87cd5d759 KERNELBASE.dll!UnknownFunction []
[2021.04.13-20.33.28:586][217]LogWindows: Error: [Callstack] 0x00007ff808fbeb46 UE4Editor-Core.dll!UnknownFunction []
[2021.04.13-20.33.28:586][217]LogWindows: Error: [Callstack] 0x00007ff808fc1f28 UE4Editor-Core.dll!UnknownFunction []
[2021.04.13-20.33.28:586][217]LogWindows: Error: [Callstack] 0x00007ff808d4e53d UE4Editor-Core.dll!UnknownFunction []
[2021.04.13-20.33.28:586][217]LogWindows: Error: [Callstack] 0x00007ff808cd97b5 UE4Editor-Core.dll!UnknownFunction []
[2021.04.13-20.33.28:586][217]LogWindows: Error: [Callstack] 0x00007ff808cdbaf0 UE4Editor-Core.dll!UnknownFunction []
[2021.04.13-20.33.28:586][217]LogWindows: Error: [Callstack] 0x00007fffe83ef1c8 UE4Editor-UEPortfolioRPGCave-4710.dll!DispatchCheckVerify<void,<lambda_c5a3893d441a629775c2b46a1925050d> >() [C:\Program Files\Epic Games\UE_4.25\Engine\Source\Runtime\Core\Public\Misc\AssertionMacros.h:162]
[2021.04.13-20.33.28:586][217]LogWindows: Error: [Callstack] 0x00007fffe83e4710 UE4Editor-UEPortfolioRPGCave-4710.dll!ALever::Drag() [C:\Users\federico.iribarren\Documents\Unreal Projects\UEPortfolioRPGCave\Source\UEPortfolioRPGCave\Lever.cpp:35]
[2021.04.13-20.33.28:586][217]LogWindows: Error: [Callstack] 0x00007ff800bd02fc UE4Editor-Engine.dll!UnknownFunction []
[2021.04.13-20.33.28:586][217]LogWindows: Error: [Callstack] 0x00007ff801e757fd UE4Editor-Engine.dll!UnknownFunction []
[2021.04.13-20.33.28:586][217]LogWindows: Error: [Callstack] 0x00007ff8012b25d1 UE4Editor-Engine.dll!UnknownFunction []
[2021.04.13-20.33.28:586][217]LogWindows: Error: [Callstack] 0x00007ff801e1fc9e UE4Editor-Engine.dll!UnknownFunction []
[2021.04.13-20.33.28:586][217]LogWindows: Error: [Callstack] 0x00007ff8012d3969 UE4Editor-Engine.dll!UnknownFunction []
[2021.04.13-20.33.28:586][217]LogWindows: Error: [Callstack] 0x00007ff80627224c UE4Editor-UnrealEd.dll!UnknownFunction []
[2021.04.13-20.33.28:586][217]LogWindows: Error: [Callstack] 0x00007ff80629311c UE4Editor-UnrealEd.dll!UnknownFunction []
[2021.04.13-20.33.28:586][217]LogWindows: Error: [Callstack] 0x00007ff806273189 UE4Editor-UnrealEd.dll!UnknownFunction []
[2021.04.13-20.33.28:586][217]LogWindows: Error: [Callstack] 0x00007ff8062aecda UE4Editor-UnrealEd.dll!UnknownFunction []
[2021.04.13-20.33.28:586][217]LogWindows: Error: [Callstack] 0x00007ff8062b1f9d UE4Editor-UnrealEd.dll!UnknownFunction []
[2021.04.13-20.33.28:586][217]LogWindows: Error: [Callstack] 0x00007ff8062b1978 UE4Editor-UnrealEd.dll!UnknownFunction []
[2021.04.13-20.33.28:586][217]LogWindows: Error: [Callstack] 0x00007ff805d3a034 UE4Editor-UnrealEd.dll!UnknownFunction []
[2021.04.13-20.33.28:586][217]LogWindows: Error: [Callstack] 0x00007ff8066100d6 UE4Editor-UnrealEd.dll!UnknownFunction []
[2021.04.13-20.33.28:586][217]LogWindows: Error: [Callstack] 0x00007ff65f797800 UE4Editor.exe!UnknownFunction []
[2021.04.13-20.33.28:586][217]LogWindows: Error: [Callstack] 0x00007ff65f7aba7c UE4Editor.exe!UnknownFunction []
[2021.04.13-20.33.28:586][217]LogWindows: Error: [Callstack] 0x00007ff65f7abb5a UE4Editor.exe!UnknownFunction []
[2021.04.13-20.33.28:586][217]LogWindows: Error: [Callstack] 0x00007ff65f7be31d UE4Editor.exe!UnknownFunction []
[2021.04.13-20.33.28:586][217]LogWindows: Error: [Callstack] 0x00007ff65f7c145a UE4Editor.exe!UnknownFunction []
[2021.04.13-20.33.28:586][217]LogWindows: Error: [Callstack] 0x00007ff87d637034 KERNEL32.dll!UnknownFunction []
[2021.04.13-20.33.28:586][217]LogWindows: Error: [Callstack] 0x00007ff87f482651 ntdll.dll!UnknownFunction []
[2021.04.13-20.33.28:586][217]LogWindows: Error: 
[2021.04.13-20.33.28:600][217]LogExit: Executing StaticShutdownAfterError
[2021.04.13-20.33.28:604][217]LogWindows: FPlatformMisc::RequestExit(1)
[2021.04.13-20.33.28:604][217]LogCore: Engine exit requested (reason: Win RequestExit)
[2021.04.13-20.33.28:623][217]Log file closed, 04/13/21 17:33:28
